L 09/07/2024 - 16:58:21: Log file started (file "logs\L0907005.log") (game "cstrike") (version "48/1.1.2.6/2.0.0.0/4554")
L 09/07/2024 - 16:58:21: "Yanni<10><BOT><>" joined team "CT"
L 09/07/2024 - 16:58:21: "Yanni<10><BOT><>" entered the game
L 09/07/2024 - 16:58:22: "Will<11><BOT><>" joined team "CT"
L 09/07/2024 - 16:58:22: "Will<11><BOT><>" entered the game
L 09/07/2024 - 16:58:22: "Ernie<12><BOT><>" joined team "TERRORIST"
L 09/07/2024 - 16:58:22: "Marvin<2><BOT><TERRORIST>" triggered "Spawned_With_The_Bomb"
L 09/07/2024 - 16:58:22: "Ernie<12><BOT><>" entered the game
L 09/07/2024 - 16:58:22: "Calvin<13><BOT><>" joined team "TERRORIST"
L 09/07/2024 - 16:58:22: "Calvin<13><BOT><>" entered the game
L 09/07/2024 - 16:58:23: "Cecil<14><BOT><>" joined team "CT"
L 09/07/2024 - 16:58:23: "Cecil<14><BOT><>" entered the game
L 09/07/2024 - 16:58:23: "Eugene<15><BOT><>" joined team "CT"
L 09/07/2024 - 16:58:23: "Eugene<15><BOT><>" entered the game
L 09/07/2024 - 16:58:23: "Bob<16><BOT><>" joined team "TERRORIST"
L 09/07/2024 - 16:58:23: "Bob<16><BOT><>" entered the game
L 09/07/2024 - 16:58:23: "Brandon<17><BOT><>" joined team "TERRORIST"
L 09/07/2024 - 16:58:24: "Brandon<17><BOT><>" entered the game
L 09/07/2024 - 16:58:24: "Henry<18><BOT><>" joined team "CT"
L 09/07/2024 - 16:58:24: "Henry<18><BOT><>" entered the game
L 09/07/2024 - 16:58:24: "Niles<19><BOT><>" joined team "CT"
L 09/07/2024 - 16:58:24: "Niles<19><BOT><>" entered the game
L 09/07/2024 - 16:58:24: "Neil<20><BOT><>" joined team "TERRORIST"
L 09/07/2024 - 16:58:24: "Neil<20><BOT><>" entered the game
L 09/07/2024 - 16:58:25: "Orin<21><BOT><>" joined team "TERRORIST"
L 09/07/2024 - 16:58:25: "Orin<21><BOT><>" entered the game
L 09/07/2024 - 16:58:25: "Pat<22><BOT><>" joined team "CT"
L 09/07/2024 - 16:58:25: "Pat<22><BOT><>" entered the game
L 09/07/2024 - 16:58:25: "Opie<23><BOT><>" joined team "CT"
L 09/07/2024 - 16:58:25: "Opie<23><BOT><>" entered the game
L 09/07/2024 - 16:58:26: "Wyatt<24><BOT><>" joined team "TERRORIST"
L 09/07/2024 - 16:58:26: "Wyatt<24><BOT><>" entered the game
L 09/07/2024 - 16:58:26: "Alfred<25><BOT><>" joined team "TERRORIST"
L 09/07/2024 - 16:58:26: World triggered "Round_Start"
L 09/07/2024 - 16:58:26: "Alfred<25><BOT><>" entered the game
L 09/07/2024 - 16:58:26: "Albert<26><BOT><>" joined team "CT"
L 09/07/2024 - 16:58:26: "Albert<26><BOT><>" entered the game
L 09/07/2024 - 16:58:27: "Yuri<27><BOT><>" joined team "CT"
L 09/07/2024 - 16:58:27: "Yuri<27><BOT><>" entered the game
L 09/07/2024 - 16:58:27: "Lester<28><BOT><>" joined team "TERRORIST"
L 09/07/2024 - 16:58:27: "Lester<28><BOT><>" entered the game
L 09/07/2024 - 16:58:37: @batata doce have killed Shawn from a distance of 14 meters
L 09/07/2024 - 16:58:37: @batata doce killed Shawn with a headshot.
L 09/07/2024 - 16:58:37: "@batata doce<1><STEAM_0:0:57204110><CT>" killed "Shawn<9><BOT><TERRORIST>" with "deagle"
L 09/07/2024 - 16:58:42: Bob have killed Niles from a distance of 14 meters
L 09/07/2024 - 16:58:42: "Bob<16><BOT><TERRORIST>" killed "Niles<19><BOT><CT>" with "ak47"
L 09/07/2024 - 16:58:44: Wyatt have killed Albert from a distance of 25 meters
L 09/07/2024 - 16:58:44: Wyatt killed Albert with a headshot.
L 09/07/2024 - 16:58:44: "Wyatt<24><BOT><TERRORIST>" killed "Albert<26><BOT><CT>" with "ump45"
L 09/07/2024 - 16:58:44: Bill have killed Opie from a distance of 15 meters
L 09/07/2024 - 16:58:44: "Bill<4><BOT><TERRORIST>" killed "Opie<23><BOT><CT>" with "mp5navy"
L 09/07/2024 - 16:58:46: Bob have killed Yanni from a distance of 30 meters
L 09/07/2024 - 16:58:46: "Bob<16><BOT><TERRORIST>" killed "Yanni<10><BOT><CT>" with "ak47"
L 09/07/2024 - 16:58:51: Orin have killed Henry from a distance of 3 meters
L 09/07/2024 - 16:58:51: "Orin<21><BOT><TERRORIST>" killed "Henry<18><BOT><CT>" with "ak47"
L 09/07/2024 - 16:58:51: Lester have killed Eugene from a distance of 3 meters
L 09/07/2024 - 16:58:51: "Lester<28><BOT><TERRORIST>" killed "Eugene<15><BOT><CT>" with "ak47"
L 09/07/2024 - 16:58:55: Orin have killed Frank from a distance of 12 meters
L 09/07/2024 - 16:58:55: Orin killed Frank with a headshot.
L 09/07/2024 - 16:58:55: "Orin<21><BOT><TERRORIST>" killed "Frank<3><BOT><CT>" with "ak47"
L 09/07/2024 - 16:58:58: @batata doce have killed Bill from a distance of 9 meters
L 09/07/2024 - 16:58:58: "@batata doce<1><STEAM_0:0:57204110><CT>" killed "Bill<4><BOT><TERRORIST>" with "mp5navy"
L 09/07/2024 - 16:58:59: Cecil have killed Orin from a distance of 10 meters
L 09/07/2024 - 16:58:59: Cecil killed Orin with a headshot.
L 09/07/2024 - 16:58:59: "Cecil<14><BOT><CT>" killed "Orin<21><BOT><TERRORIST>" with "famas"
L 09/07/2024 - 16:58:59: Calvin have killed @batata doce from a distance of 12 meters
L 09/07/2024 - 16:58:59: Calvin killed @batata doce with a headshot.
L 09/07/2024 - 16:58:59: "Calvin<13><BOT><TERRORIST>" killed "@batata doce<1><STEAM_0:0:57204110><CT>" with "p90"
L 09/07/2024 - 16:59:00: "Marvin<2><BOT><TERRORIST>" triggered "Planted_The_Bomb"
L 09/07/2024 - 16:59:02: Brandon have killed Walt from a distance of 13 meters
L 09/07/2024 - 16:59:02: "Brandon<17><BOT><TERRORIST>" killed "Walt<5><BOT><CT>" with "sg552"
L 09/07/2024 - 16:59:02: Ethan have killed Cecil from a distance of 23 meters
L 09/07/2024 - 16:59:02: "Ethan<8><BOT><TERRORIST>" killed "Cecil<14><BOT><CT>" with "xm1014"
L 09/07/2024 - 16:59:08: Neil have killed Pat from a distance of 25 meters
L 09/07/2024 - 16:59:08: Neil killed Pat with a headshot.
L 09/07/2024 - 16:59:08: "Neil<20><BOT><TERRORIST>" killed "Pat<22><BOT><CT>" with "sg552"
L 09/07/2024 - 16:59:09: Will have killed Brandon from a distance of 40 meters
L 09/07/2024 - 16:59:09: Will killed Brandon with a headshot.
L 09/07/2024 - 16:59:09: "Will<11><BOT><CT>" killed "Brandon<17><BOT><TERRORIST>" with "m4a1"
L 09/07/2024 - 16:59:16: Wyatt have killed Elmer from a distance of 20 meters
L 09/07/2024 - 16:59:16: "Wyatt<24><BOT><TERRORIST>" killed "Elmer<7><BOT><CT>" with "ump45"
L 09/07/2024 - 16:59:19: Lester have killed Yuri from a distance of 15 meters
L 09/07/2024 - 16:59:19: "Lester<28><BOT><TERRORIST>" killed "Yuri<27><BOT><CT>" with "ak47"
L 09/07/2024 - 16:59:19: Bob have killed Will from a distance of 15 meters
L 09/07/2024 - 16:59:19: Bob killed Will with a headshot.
L 09/07/2024 - 16:59:19: "Bob<16><BOT><TERRORIST>" killed "Will<11><BOT><CT>" with "ak47"
L 09/07/2024 - 16:59:19: Team "TERRORIST" triggered "Terrorists_Win" (CT "0") (T "1")
L 09/07/2024 - 16:59:19: World triggered "Round_End"
L 09/07/2024 - 16:59:24: "Bill<4><BOT><TERRORIST>" triggered "Spawned_With_The_Bomb"
L 09/07/2024 - 16:59:28: World triggered "Round_Start"
L 09/07/2024 - 16:59:50: Ethan have killed Yanni from a distance of 21 meters
L 09/07/2024 - 16:59:50: Ethan killed Yanni with a headshot.
L 09/07/2024 - 16:59:50: "Ethan<8><BOT><TERRORIST>" killed "Yanni<10><BOT><CT>" with "xm1014"
L 09/07/2024 - 16:59:58: Lester have killed Henry from a distance of 10 meters
L 09/07/2024 - 16:59:58: "Lester<28><BOT><TERRORIST>" killed "Henry<18><BOT><CT>" with "ak47"
L 09/07/2024 - 16:59:59: @batata doce have killed Ernie from a distance of 30 meters
L 09/07/2024 - 16:59:59: "@batata doce<1><STEAM_0:0:57204110><CT>" killed "Ernie<12><BOT><TERRORIST>" with "m4a1"
L 09/07/2024 - 17:00:00: Calvin have killed Walt from a distance of 26 meters
L 09/07/2024 - 17:00:00: Calvin killed Walt with a headshot.
L 09/07/2024 - 17:00:00: "Calvin<13><BOT><TERRORIST>" killed "Walt<5><BOT><CT>" with "p90"
L 09/07/2024 - 17:00:05: Orin have killed Opie from a distance of 25 meters
L 09/07/2024 - 17:00:05: Orin killed Opie with a headshot.
L 09/07/2024 - 17:00:05: "Orin<21><BOT><TERRORIST>" killed "Opie<23><BOT><CT>" with "elite"
L 09/07/2024 - 17:00:10: Bob have killed Albert from a distance of 25 meters
L 09/07/2024 - 17:00:10: Bob killed Albert with a headshot.
L 09/07/2024 - 17:00:10: "Bob<16><BOT><TERRORIST>" killed "Albert<26><BOT><CT>" with "ak47"
L 09/07/2024 - 17:00:10: Will have killed Bob from a distance of 24 meters
L 09/07/2024 - 17:00:10: "Will<11><BOT><CT>" killed "Bob<16><BOT><TERRORIST>" with "m3"
L 09/07/2024 - 17:00:11: Niles have killed Brandon from a distance of 15 meters
L 09/07/2024 - 17:00:11: Niles killed Brandon with a headshot.
L 09/07/2024 - 17:00:11: "Niles<19><BOT><CT>" killed "Brandon<17><BOT><TERRORIST>" with "tmp"
L 09/07/2024 - 17:00:14: Alfred have killed Will from a distance of 15 meters
L 09/07/2024 - 17:00:14: "Alfred<25><BOT><TERRORIST>" killed "Will<11><BOT><CT>" with "galil"
L 09/07/2024 - 17:00:17: Lester have killed Niles from a distance of 17 meters
L 09/07/2024 - 17:00:17: "Lester<28><BOT><TERRORIST>" killed "Niles<19><BOT><CT>" with "ak47"
L 09/07/2024 - 17:00:17: Alfred have killed Cecil from a distance of 33 meters
L 09/07/2024 - 17:00:17: "Alfred<25><BOT><TERRORIST>" killed "Cecil<14><BOT><CT>" with "galil"
L 09/07/2024 - 17:00:21: Wesley have killed Eugene from a distance of 11 meters
L 09/07/2024 - 17:00:21: "Wesley<6><BOT><TERRORIST>" killed "Eugene<15><BOT><CT>" with "ump45"
L 09/07/2024 - 17:00:22: Ethan have killed @batata doce from a distance of 12 meters
L 09/07/2024 - 17:00:22: Ethan killed @batata doce with a headshot.
L 09/07/2024 - 17:00:22: "Ethan<8><BOT><TERRORIST>" killed "@batata doce<1><STEAM_0:0:57204110><CT>" with "p228"
L 09/07/2024 - 17:00:25: Lester have killed Yuri from a distance of 10 meters
L 09/07/2024 - 17:00:25: "Lester<28><BOT><TERRORIST>" killed "Yuri<27><BOT><CT>" with "ak47"
L 09/07/2024 - 17:00:33: Wyatt have killed Frank from a distance of 6 meters
L 09/07/2024 - 17:00:33: "Wyatt<24><BOT><TERRORIST>" killed "Frank<3><BOT><CT>" with "ump45"
L 09/07/2024 - 17:00:34: Pat have killed Lester from a distance of 22 meters
L 09/07/2024 - 17:00:34: "Pat<22><BOT><CT>" killed "Lester<28><BOT><TERRORIST>" with "tmp"
L 09/07/2024 - 17:00:48: "Bill<4><BOT><TERRORIST>" triggered "Planted_The_Bomb"
L 09/07/2024 - 17:00:49: Neil have killed Pat from a distance of 5 meters
L 09/07/2024 - 17:00:49: "Neil<20><BOT><TERRORIST>" killed "Pat<22><BOT><CT>" with "sg552"
L 09/07/2024 - 17:00:56: Calvin have killed Elmer from a distance of 20 meters
L 09/07/2024 - 17:00:56: "Calvin<13><BOT><TERRORIST>" killed "Elmer<7><BOT><CT>" with "p90"
L 09/07/2024 - 17:00:56: Team "TERRORIST" triggered "Terrorists_Win" (CT "0") (T "2")
L 09/07/2024 - 17:00:56: World triggered "Round_End"
L 09/07/2024 - 17:01:01: "Wesley<6><BOT><TERRORIST>" triggered "Spawned_With_The_Bomb"
L 09/07/2024 - 17:01:05: World triggered "Round_Start"
L 09/07/2024 - 17:01:18: @batata doce have killed Orin from a distance of 11 meters
L 09/07/2024 - 17:01:18: "@batata doce<1><STEAM_0:0:57204110><CT>" killed "Orin<21><BOT><TERRORIST>" with "famas"
L 09/07/2024 - 17:01:24: Walt have killed Alfred from a distance of 24 meters
L 09/07/2024 - 17:01:24: "Walt<5><BOT><CT>" killed "Alfred<25><BOT><TERRORIST>" with "tmp"
L 09/07/2024 - 17:01:28: Ethan have killed Frank from a distance of 15 meters
L 09/07/2024 - 17:01:28: "Ethan<8><BOT><TERRORIST>" killed "Frank<3><BOT><CT>" with "xm1014"
L 09/07/2024 - 17:01:29: Bob have killed Eugene from a distance of 5 meters
L 09/07/2024 - 17:01:29: "Bob<16><BOT><TERRORIST>" killed "Eugene<15><BOT><CT>" with "m3"
L 09/07/2024 - 17:01:29: Cecil have killed Shawn from a distance of 18 meters
L 09/07/2024 - 17:01:29: Cecil killed Shawn with a headshot.
L 09/07/2024 - 17:01:29: "Cecil<14><BOT><CT>" killed "Shawn<9><BOT><TERRORIST>" with "tmp"
L 09/07/2024 - 17:01:33: Bill have killed Will from a distance of 19 meters
L 09/07/2024 - 17:01:33: "Bill<4><BOT><TERRORIST>" killed "Will<11><BOT><CT>" with "ak47"
L 09/07/2024 - 17:01:34: Pat have killed Lester from a distance of 18 meters
L 09/07/2024 - 17:01:34: Pat killed Lester with a headshot.
L 09/07/2024 - 17:01:34: "Pat<22><BOT><CT>" killed "Lester<28><BOT><TERRORIST>" with "mp5navy"
L 09/07/2024 - 17:01:36: Ethan have killed Opie from a distance of 5 meters
L 09/07/2024 - 17:01:36: "Ethan<8><BOT><TERRORIST>" killed "Opie<23><BOT><CT>" with "xm1014"
L 09/07/2024 - 17:01:40: Ethan have killed Elmer from a distance of 4 meters
L 09/07/2024 - 17:01:40: "Ethan<8><BOT><TERRORIST>" killed "Elmer<7><BOT><CT>" with "xm1014"
L 09/07/2024 - 17:01:48: Ethan have killed Niles from a distance of 8 meters
L 09/07/2024 - 17:01:48: "Ethan<8><BOT><TERRORIST>" killed "Niles<19><BOT><CT>" with "xm1014"
L 09/07/2024 - 17:01:49: Bill have killed Pat from a distance of 43 meters
L 09/07/2024 - 17:01:49: Bill killed Pat with a headshot.
L 09/07/2024 - 17:01:49: "Bill<4><BOT><TERRORIST>" killed "Pat<22><BOT><CT>" with "ak47"
L 09/07/2024 - 17:01:53: @batata doce have killed Marvin from a distance of 14 meters
L 09/07/2024 - 17:01:53: "@batata doce<1><STEAM_0:0:57204110><CT>" killed "Marvin<2><BOT><TERRORIST>" with "famas"
L 09/07/2024 - 17:01:54: Brandon have killed @batata doce from a distance of 8 meters
L 09/07/2024 - 17:01:54: "Brandon<17><BOT><TERRORIST>" killed "@batata doce<1><STEAM_0:0:57204110><CT>" with "m3"
L 09/07/2024 - 17:01:57: Henry have killed Ethan from a distance of 4 meters
L 09/07/2024 - 17:01:57: Henry killed Ethan with a headshot.
L 09/07/2024 - 17:01:57: "Henry<18><BOT><CT>" killed "Ethan<8><BOT><TERRORIST>" with "mp5navy"
L 09/07/2024 - 17:01:58: "Wesley<6><BOT><TERRORIST>" triggered "Planted_The_Bomb"
L 09/07/2024 - 17:01:58: Log file closed
