L 09/07/2024 - 17:02:05: Log file started (file "logs\L0907006.log") (game "cstrike") (version "48/1.1.2.6/2.0.0.0/4554")
L 09/07/2024 - 17:02:05: "Orin<34><BOT><>" joined team "TERRORIST"
L 09/07/2024 - 17:02:05: "Orin<34><BOT><>" entered the game
L 09/07/2024 - 17:02:05: "George<35><BOT><>" joined team "TERRORIST"
L 09/07/2024 - 17:02:05: "George<35><BOT><>" entered the game
L 09/07/2024 - 17:02:06: "Albert<36><BOT><>" joined team "CT"
L 09/07/2024 - 17:02:06: "Albert<36><BOT><>" entered the game
L 09/07/2024 - 17:02:06: "Elliot<37><BOT><>" joined team "CT"
L 09/07/2024 - 17:02:06: "Elliot<37><BOT><>" entered the game
L 09/07/2024 - 17:02:06: "Graham<38><BOT><>" joined team "TERRORIST"
L 09/07/2024 - 17:02:06: "Graham<38><BOT><>" entered the game
L 09/07/2024 - 17:02:06: "Ulysses<39><BOT><>" joined team "CT"
L 09/07/2024 - 17:02:07: "Ulysses<39><BOT><>" entered the game
L 09/07/2024 - 17:02:07: "Yogi<40><BOT><>" joined team "TERRORIST"
L 09/07/2024 - 17:02:07: "Yogi<40><BOT><>" entered the game
L 09/07/2024 - 17:02:07: "Dean<30><BOT><TERRORIST>" triggered "Spawned_With_The_Bomb"
L 09/07/2024 - 17:02:07: "Shawn<41><BOT><>" joined team "TERRORIST"
L 09/07/2024 - 17:02:07: "Shawn<41><BOT><>" entered the game
L 09/07/2024 - 17:02:07: "Niles<42><BOT><>" joined team "CT"
L 09/07/2024 - 17:02:07: "Niles<42><BOT><>" entered the game
L 09/07/2024 - 17:02:08: "Alfred<43><BOT><>" joined team "CT"
L 09/07/2024 - 17:02:08: "Alfred<43><BOT><>" entered the game
L 09/07/2024 - 17:02:08: "Brandon<44><BOT><>" joined team "TERRORIST"
L 09/07/2024 - 17:02:08: "Brandon<44><BOT><>" entered the game
L 09/07/2024 - 17:02:08: "Oliver<45><BOT><>" joined team "TERRORIST"
L 09/07/2024 - 17:02:08: "Oliver<45><BOT><>" entered the game
L 09/07/2024 - 17:02:09: "Marvin<46><BOT><>" joined team "CT"
L 09/07/2024 - 17:02:09: "Marvin<46><BOT><>" entered the game
L 09/07/2024 - 17:02:09: "Jason<47><BOT><>" joined team "CT"
L 09/07/2024 - 17:02:09: "Jason<47><BOT><>" entered the game
L 09/07/2024 - 17:02:09: "Frasier<48><BOT><>" joined team "TERRORIST"
L 09/07/2024 - 17:02:09: "Frasier<48><BOT><>" entered the game
L 09/07/2024 - 17:02:10: "Perry<49><BOT><>" joined team "TERRORIST"
L 09/07/2024 - 17:02:10: "Perry<49><BOT><>" entered the game
L 09/07/2024 - 17:02:10: "Ernie<50><BOT><>" joined team "CT"
L 09/07/2024 - 17:02:10: "Ernie<50><BOT><>" entered the game
L 09/07/2024 - 17:02:10: "Norm<51><BOT><>" joined team "CT"
L 09/07/2024 - 17:02:10: "Norm<51><BOT><>" entered the game
L 09/07/2024 - 17:02:10: "Lester<52><BOT><>" joined team "TERRORIST"
L 09/07/2024 - 17:02:10: "Lester<52><BOT><>" entered the game
L 09/07/2024 - 17:02:11: "Toby<53><BOT><>" joined team "CT"
L 09/07/2024 - 17:02:11: "Toby<53><BOT><>" entered the game
L 09/07/2024 - 17:02:11: World triggered "Round_Start"
L 09/07/2024 - 17:02:11: "Harvey<54><BOT><>" joined team "TERRORIST"
L 09/07/2024 - 17:02:11: "Harvey<54><BOT><>" entered the game
L 09/07/2024 - 17:02:11: "Frank<55><BOT><>" joined team "CT"
L 09/07/2024 - 17:02:11: "Frank<55><BOT><>" entered the game
L 09/07/2024 - 17:02:12: "Irving<56><BOT><>" joined team "TERRORIST"
L 09/07/2024 - 17:02:12: "Irving<56><BOT><>" entered the game
L 09/07/2024 - 17:02:21: @batata doce have killed Yogi from a distance of 26 meters
L 09/07/2024 - 17:02:21: "@batata doce<29><STEAM_0:0:57204110><CT>" killed "Yogi<40><BOT><TERRORIST>" with "m4a1"
L 09/07/2024 - 17:02:23: Fergus have killed Jason from a distance of 38 meters
L 09/07/2024 - 17:02:23: "Fergus<31><BOT><TERRORIST>" killed "Jason<47><BOT><CT>" with "sg552"
L 09/07/2024 - 17:02:23: George have killed Alfred from a distance of 33 meters
L 09/07/2024 - 17:02:23: George killed Alfred with a headshot.
L 09/07/2024 - 17:02:23: "George<35><BOT><TERRORIST>" killed "Alfred<43><BOT><CT>" with "deagle"
L 09/07/2024 - 17:02:25: Marvin have killed Frasier from a distance of 5 meters
L 09/07/2024 - 17:02:25: "Marvin<46><BOT><CT>" killed "Frasier<48><BOT><TERRORIST>" with "famas"
L 09/07/2024 - 17:02:29: Lester have killed Ulysses from a distance of 32 meters
L 09/07/2024 - 17:02:29: Lester killed Ulysses with a headshot.
L 09/07/2024 - 17:02:29: "Lester<52><BOT><TERRORIST>" killed "Ulysses<39><BOT><CT>" with "p90"
L 09/07/2024 - 17:02:29: Brandon have killed Marvin from a distance of 14 meters
L 09/07/2024 - 17:02:29: Brandon killed Marvin with a headshot.
L 09/07/2024 - 17:02:29: "Brandon<44><BOT><TERRORIST>" killed "Marvin<46><BOT><CT>" with "mp5navy"
L 09/07/2024 - 17:02:29: Oliver have killed Albert from a distance of 4 meters
L 09/07/2024 - 17:02:29: Oliver killed Albert with a headshot.
L 09/07/2024 - 17:02:29: "Oliver<45><BOT><TERRORIST>" killed "Albert<36><BOT><CT>" with "p90"
L 09/07/2024 - 17:02:32: @batata doce have killed Harvey from a distance of 11 meters
L 09/07/2024 - 17:02:32: @batata doce killed Harvey with a headshot.
L 09/07/2024 - 17:02:32: "@batata doce<29><STEAM_0:0:57204110><CT>" killed "Harvey<54><BOT><TERRORIST>" with "m4a1"
L 09/07/2024 - 17:02:34: Niles have killed Perry from a distance of 28 meters
L 09/07/2024 - 17:02:34: "Niles<42><BOT><CT>" killed "Perry<49><BOT><TERRORIST>" with "famas"
L 09/07/2024 - 17:02:34: Toby have killed Fergus from a distance of 43 meters
L 09/07/2024 - 17:02:34: "Toby<53><BOT><CT>" killed "Fergus<31><BOT><TERRORIST>" with "famas"
L 09/07/2024 - 17:02:35: Graham have killed Toby from a distance of 17 meters
L 09/07/2024 - 17:02:35: "Graham<38><BOT><TERRORIST>" killed "Toby<53><BOT><CT>" with "mp5navy"
L 09/07/2024 - 17:02:35: @batata doce have killed Lester from a distance of 25 meters
L 09/07/2024 - 17:02:35: "@batata doce<29><STEAM_0:0:57204110><CT>" killed "Lester<52><BOT><TERRORIST>" with "m4a1"
L 09/07/2024 - 17:02:36: Oliver have killed Elliot from a distance of 18 meters
L 09/07/2024 - 17:02:36: "Oliver<45><BOT><TERRORIST>" killed "Elliot<37><BOT><CT>" with "p90"
L 09/07/2024 - 17:02:37: Ferris have killed Graham from a distance of 25 meters
L 09/07/2024 - 17:02:37: "Ferris<33><BOT><CT>" killed "Graham<38><BOT><TERRORIST>" with "fiveseven"
L 09/07/2024 - 17:02:42: Brandon have killed Ernie from a distance of 27 meters
L 09/07/2024 - 17:02:42: "Brandon<44><BOT><TERRORIST>" killed "Ernie<50><BOT><CT>" with "mp5navy"
L 09/07/2024 - 17:02:43: Shawn have killed Niles from a distance of 12 meters
L 09/07/2024 - 17:02:43: Shawn killed Niles with a headshot.
L 09/07/2024 - 17:02:43: "Shawn<41><BOT><TERRORIST>" killed "Niles<42><BOT><CT>" with "mac10"
L 09/07/2024 - 17:02:43: Oliver have killed Frank from a distance of 8 meters
L 09/07/2024 - 17:02:43: Oliver killed Frank with a headshot.
L 09/07/2024 - 17:02:43: "Oliver<45><BOT><TERRORIST>" killed "Frank<55><BOT><CT>" with "p90"
L 09/07/2024 - 17:02:49: Brandon have killed Neil from a distance of 18 meters
L 09/07/2024 - 17:02:49: "Brandon<44><BOT><TERRORIST>" killed "Neil<32><BOT><CT>" with "mp5navy"
L 09/07/2024 - 17:02:54: Ferris have killed Brandon from a distance of 26 meters
L 09/07/2024 - 17:02:54: "Ferris<33><BOT><CT>" killed "Brandon<44><BOT><TERRORIST>" with "fiveseven"
L 09/07/2024 - 17:02:54: @batata doce have killed Irving from a distance of 7 meters
L 09/07/2024 - 17:02:54: "@batata doce<29><STEAM_0:0:57204110><CT>" killed "Irving<56><BOT><TERRORIST>" with "m4a1"
L 09/07/2024 - 17:02:56: Shawn have killed @batata doce from a distance of 22 meters
L 09/07/2024 - 17:02:56: "Shawn<41><BOT><TERRORIST>" killed "@batata doce<29><STEAM_0:0:57204110><CT>" with "mac10"
L 09/07/2024 - 17:02:57: Orin have killed Ferris from a distance of 12 meters
L 09/07/2024 - 17:02:57: "Orin<34><BOT><TERRORIST>" killed "Ferris<33><BOT><CT>" with "mp5navy"
L 09/07/2024 - 17:03:21: "Dean<30><BOT><TERRORIST>" triggered "Planted_The_Bomb"
L 09/07/2024 - 17:03:37: Norm have killed George from a distance of 26 meters
L 09/07/2024 - 17:03:37: Norm killed George with a headshot.
L 09/07/2024 - 17:03:37: "Norm<51><BOT><CT>" killed "George<35><BOT><TERRORIST>" with "aug"
L 09/07/2024 - 17:03:43: Oliver have killed Norm from a distance of 8 meters
L 09/07/2024 - 17:03:43: "Oliver<45><BOT><TERRORIST>" killed "Norm<51><BOT><CT>" with "p90"
L 09/07/2024 - 17:03:43: Team "TERRORIST" triggered "Terrorists_Win" (CT "0") (T "1")
L 09/07/2024 - 17:03:43: World triggered "Round_End"
L 09/07/2024 - 17:03:48: "Fergus<31><BOT><TERRORIST>" triggered "Spawned_With_The_Bomb"
L 09/07/2024 - 17:03:52: World triggered "Round_Start"
L 09/07/2024 - 17:04:08: @batata doce have killed George from a distance of 12 meters
L 09/07/2024 - 17:04:08: @batata doce killed George with a headshot.
L 09/07/2024 - 17:04:08: "@batata doce<29><STEAM_0:0:57204110><CT>" killed "George<35><BOT><TERRORIST>" with "usp"
L 09/07/2024 - 17:04:15: Neil have killed Orin from a distance of 3 meters
L 09/07/2024 - 17:04:15: "Neil<32><BOT><CT>" killed "Orin<34><BOT><TERRORIST>" with "usp"
L 09/07/2024 - 17:04:21: Frank have killed Shawn from a distance of 26 meters
L 09/07/2024 - 17:04:21: Frank killed Shawn with a headshot.
L 09/07/2024 - 17:04:21: "Frank<55><BOT><CT>" killed "Shawn<41><BOT><TERRORIST>" with "tmp"
L 09/07/2024 - 17:04:23: Graham have killed Frank from a distance of 24 meters
L 09/07/2024 - 17:04:23: "Graham<38><BOT><TERRORIST>" killed "Frank<55><BOT><CT>" with "sg552"
L 09/07/2024 - 17:04:27: Toby have killed Perry from a distance of 6 meters
L 09/07/2024 - 17:04:27: "Toby<53><BOT><CT>" killed "Perry<49><BOT><TERRORIST>" with "tmp"
L 09/07/2024 - 17:04:29: @batata doce have killed Harvey from a distance of 20 meters
L 09/07/2024 - 17:04:29: @batata doce killed Harvey with a headshot.
L 09/07/2024 - 17:04:29: "@batata doce<29><STEAM_0:0:57204110><CT>" killed "Harvey<54><BOT><TERRORIST>" with "mp5navy"
L 09/07/2024 - 17:04:31: Lester have killed Neil from a distance of 33 meters
L 09/07/2024 - 17:04:31: Lester killed Neil with a headshot.
L 09/07/2024 - 17:04:31: "Lester<52><BOT><TERRORIST>" killed "Neil<32><BOT><CT>" with "elite"
L 09/07/2024 - 17:04:32: Dean have killed Niles from a distance of 32 meters
L 09/07/2024 - 17:04:32: "Dean<30><BOT><TERRORIST>" killed "Niles<42><BOT><CT>" with "mp5navy"
L 09/07/2024 - 17:04:33: @batata doce have killed Dean from a distance of 35 meters
L 09/07/2024 - 17:04:33: @batata doce killed Dean with a headshot.
L 09/07/2024 - 17:04:33: "@batata doce<29><STEAM_0:0:57204110><CT>" killed "Dean<30><BOT><TERRORIST>" with "mp5navy"
L 09/07/2024 - 17:04:34: Ulysses have killed Brandon from a distance of 15 meters
L 09/07/2024 - 17:04:34: "Ulysses<39><BOT><CT>" killed "Brandon<44><BOT><TERRORIST>" with "ump45"
L 09/07/2024 - 17:04:34: Marvin have killed Graham from a distance of 22 meters
L 09/07/2024 - 17:04:34: "Marvin<46><BOT><CT>" killed "Graham<38><BOT><TERRORIST>" with "ump45"
L 09/07/2024 - 17:04:41: "Fergus<31><BOT><TERRORIST>" triggered "Planted_The_Bomb"
L 09/07/2024 - 17:04:42: Frasier have killed Ulysses from a distance of 13 meters
L 09/07/2024 - 17:04:42: "Frasier<48><BOT><TERRORIST>" killed "Ulysses<39><BOT><CT>" with "ak47"
L 09/07/2024 - 17:04:44: Toby have killed Frasier from a distance of 16 meters
L 09/07/2024 - 17:04:44: Toby killed Frasier with a headshot.
L 09/07/2024 - 17:04:44: "Toby<53><BOT><CT>" killed "Frasier<48><BOT><TERRORIST>" with "tmp"
L 09/07/2024 - 17:04:48: Lester have killed Toby from a distance of 5 meters
L 09/07/2024 - 17:04:48: "Lester<52><BOT><TERRORIST>" killed "Toby<53><BOT><CT>" with "elite"
L 09/07/2024 - 17:04:50: @batata doce have killed Lester from a distance of 16 meters
L 09/07/2024 - 17:04:50: "@batata doce<29><STEAM_0:0:57204110><CT>" killed "Lester<52><BOT><TERRORIST>" with "mp5navy"
L 09/07/2024 - 17:04:51: Irving have killed @batata doce from a distance of 22 meters
L 09/07/2024 - 17:04:51: "Irving<56><BOT><TERRORIST>" killed "@batata doce<29><STEAM_0:0:57204110><CT>" with "ak47"
L 09/07/2024 - 17:04:55: Fergus have killed Marvin from a distance of 31 meters
L 09/07/2024 - 17:04:55: "Fergus<31><BOT><TERRORIST>" killed "Marvin<46><BOT><CT>" with "ak47"
L 09/07/2024 - 17:04:55: Fergus have killed Elliot from a distance of 35 meters
L 09/07/2024 - 17:04:55: "Fergus<31><BOT><TERRORIST>" killed "Elliot<37><BOT><CT>" with "ak47"
L 09/07/2024 - 17:04:57: Fergus have killed Ernie from a distance of 32 meters
L 09/07/2024 - 17:04:57: "Fergus<31><BOT><TERRORIST>" killed "Ernie<50><BOT><CT>" with "ak47"
L 09/07/2024 - 17:05:00: Ferris have killed Fergus from a distance of 57 meters
L 09/07/2024 - 17:05:00: Ferris killed Fergus with a headshot.
L 09/07/2024 - 17:05:00: "Ferris<33><BOT><CT>" killed "Fergus<31><BOT><TERRORIST>" with "tmp"
L 09/07/2024 - 17:05:13: Irving have killed Norm from a distance of 17 meters
L 09/07/2024 - 17:05:13: "Irving<56><BOT><TERRORIST>" killed "Norm<51><BOT><CT>" with "ak47"
L 09/07/2024 - 17:05:13: Irving have killed Albert from a distance of 22 meters
L 09/07/2024 - 17:05:13: "Irving<56><BOT><TERRORIST>" killed "Albert<36><BOT><CT>" with "ak47"
L 09/07/2024 - 17:05:17: Yogi have killed Ferris from a distance of 15 meters
L 09/07/2024 - 17:05:17: "Yogi<40><BOT><TERRORIST>" killed "Ferris<33><BOT><CT>" with "sg552"
L 09/07/2024 - 17:05:19: Irving have killed Alfred from a distance of 21 meters
L 09/07/2024 - 17:05:19: Irving killed Alfred with a headshot.
L 09/07/2024 - 17:05:19: "Irving<56><BOT><TERRORIST>" killed "Alfred<43><BOT><CT>" with "ak47"
L 09/07/2024 - 17:05:20: Irving have killed Jason from a distance of 20 meters
L 09/07/2024 - 17:05:20: Irving killed Jason with a headshot.
L 09/07/2024 - 17:05:20: "Irving<56><BOT><TERRORIST>" killed "Jason<47><BOT><CT>" with "ak47"
L 09/07/2024 - 17:05:20: Team "TERRORIST" triggered "Terrorists_Win" (CT "0") (T "2")
L 09/07/2024 - 17:05:20: World triggered "Round_End"
L 09/07/2024 - 17:05:25: "Orin<34><BOT><TERRORIST>" triggered "Spawned_With_The_Bomb"
L 09/07/2024 - 17:05:29: World triggered "Round_Start"
L 09/07/2024 - 17:05:53: Fergus have killed Ulysses from a distance of 22 meters
L 09/07/2024 - 17:05:53: Fergus killed Ulysses with a headshot.
L 09/07/2024 - 17:05:53: "Fergus<31><BOT><TERRORIST>" killed "Ulysses<39><BOT><CT>" with "ump45"
L 09/07/2024 - 17:05:55: Orin have killed Ferris from a distance of 45 meters
L 09/07/2024 - 17:05:55: "Orin<34><BOT><TERRORIST>" killed "Ferris<33><BOT><CT>" with "mac10"
L 09/07/2024 - 17:05:55: Niles have killed Lester from a distance of 20 meters
L 09/07/2024 - 17:05:55: Niles killed Lester with a headshot.
L 09/07/2024 - 17:05:55: "Niles<42><BOT><CT>" killed "Lester<52><BOT><TERRORIST>" with "famas"
L 09/07/2024 - 17:05:57: Shawn have killed Frank from a distance of 15 meters
L 09/07/2024 - 17:05:57: Shawn killed Frank with a headshot.
L 09/07/2024 - 17:05:57: "Shawn<41><BOT><TERRORIST>" killed "Frank<55><BOT><CT>" with "p90"
L 09/07/2024 - 17:05:58: @batata doce have killed Shawn from a distance of 16 meters
L 09/07/2024 - 17:05:58: "@batata doce<29><STEAM_0:0:57204110><CT>" killed "Shawn<41><BOT><TERRORIST>" with "m4a1"
L 09/07/2024 - 17:05:59: Dean have killed Alfred from a distance of 35 meters
L 09/07/2024 - 17:05:59: "Dean<30><BOT><TERRORIST>" killed "Alfred<43><BOT><CT>" with "sg552"
L 09/07/2024 - 17:05:59: Dean have killed Elliot from a distance of 41 meters
L 09/07/2024 - 17:05:59: "Dean<30><BOT><TERRORIST>" killed "Elliot<37><BOT><CT>" with "sg552"
L 09/07/2024 - 17:06:01: @batata doce have killed Perry from a distance of 38 meters
L 09/07/2024 - 17:06:01: @batata doce killed Perry with a headshot.
L 09/07/2024 - 17:06:01: "@batata doce<29><STEAM_0:0:57204110><CT>" killed "Perry<49><BOT><TERRORIST>" with "m4a1"
L 09/07/2024 - 17:06:01: @batata doce have killed Orin from a distance of 33 meters
L 09/07/2024 - 17:06:01: @batata doce killed Orin with a headshot.
L 09/07/2024 - 17:06:01: "@batata doce<29><STEAM_0:0:57204110><CT>" killed "Orin<34><BOT><TERRORIST>" with "m4a1"
L 09/07/2024 - 17:06:01: "Orin<34><BOT><TERRORIST>" triggered "Dropped_The_Bomb"
L 09/07/2024 - 17:06:02: @batata doce have killed Fergus from a distance of 32 meters
L 09/07/2024 - 17:06:02: @batata doce killed Fergus with a headshot.
L 09/07/2024 - 17:06:02: "@batata doce<29><STEAM_0:0:57204110><CT>" killed "Fergus<31><BOT><TERRORIST>" with "m4a1"
L 09/07/2024 - 17:06:04: @batata doce have killed Dean from a distance of 42 meters
L 09/07/2024 - 17:06:04: @batata doce killed Dean with a headshot.
L 09/07/2024 - 17:06:04: "@batata doce<29><STEAM_0:0:57204110><CT>" killed "Dean<30><BOT><TERRORIST>" with "m4a1"
L 09/07/2024 - 17:06:05: "Harvey<54><BOT><TERRORIST>" triggered "Got_The_Bomb"
L 09/07/2024 - 17:06:06: @batata doce have killed Yogi from a distance of 30 meters
L 09/07/2024 - 17:06:06: "@batata doce<29><STEAM_0:0:57204110><CT>" killed "Yogi<40><BOT><TERRORIST>" with "m4a1"
L 09/07/2024 - 17:06:09: Albert have killed Harvey from a distance of 20 meters
L 09/07/2024 - 17:06:09: "Albert<36><BOT><CT>" killed "Harvey<54><BOT><TERRORIST>" with "mp5navy"
L 09/07/2024 - 17:06:09: "Harvey<54><BOT><TERRORIST>" triggered "Dropped_The_Bomb"
L 09/07/2024 - 17:06:14: @batata doce have killed Brandon from a distance of 16 meters
L 09/07/2024 - 17:06:14: "@batata doce<29><STEAM_0:0:57204110><CT>" killed "Brandon<44><BOT><TERRORIST>" with "m4a1"
L 09/07/2024 - 17:06:23: Graham have killed Norm from a distance of 23 meters
L 09/07/2024 - 17:06:23: Graham killed Norm with a headshot.
L 09/07/2024 - 17:06:23: "Graham<38><BOT><TERRORIST>" killed "Norm<51><BOT><CT>" with "mp5navy"
L 09/07/2024 - 17:06:34: "George<35><BOT><TERRORIST>" triggered "Got_The_Bomb"
L 09/07/2024 - 17:06:36: @batata doce have killed Frasier from a distance of 29 meters
L 09/07/2024 - 17:06:36: "@batata doce<29><STEAM_0:0:57204110><CT>" killed "Frasier<48><BOT><TERRORIST>" with "m4a1"
L 09/07/2024 - 17:06:41: Irving have killed @batata doce from a distance of 31 meters
L 09/07/2024 - 17:06:41: "Irving<56><BOT><TERRORIST>" killed "@batata doce<29><STEAM_0:0:57204110><CT>" with "ak47"
L 09/07/2024 - 17:06:44: Irving have killed Albert from a distance of 22 meters
L 09/07/2024 - 17:06:44: Irving killed Albert with a headshot.
L 09/07/2024 - 17:06:44: "Irving<56><BOT><TERRORIST>" killed "Albert<36><BOT><CT>" with "ak47"
L 09/07/2024 - 17:06:45: "George<35><BOT><TERRORIST>" triggered "Planted_The_Bomb"
L 09/07/2024 - 17:06:49: Irving have killed Jason from a distance of 19 meters
L 09/07/2024 - 17:06:49: "Irving<56><BOT><TERRORIST>" killed "Jason<47><BOT><CT>" with "ak47"
L 09/07/2024 - 17:06:50: Neil have killed Irving from a distance of 20 meters
L 09/07/2024 - 17:06:50: "Neil<32><BOT><CT>" killed "Irving<56><BOT><TERRORIST>" with "mp5navy"
L 09/07/2024 - 17:06:53: Neil have killed Oliver from a distance of 23 meters
L 09/07/2024 - 17:06:53: "Neil<32><BOT><CT>" killed "Oliver<45><BOT><TERRORIST>" with "mp5navy"
L 09/07/2024 - 17:07:06: Graham have killed Ernie from a distance of 2 meters
L 09/07/2024 - 17:07:06: "Graham<38><BOT><TERRORIST>" killed "Ernie<50><BOT><CT>" with "mp5navy"
L 09/07/2024 - 17:07:12: "Niles<42><BOT><CT>" triggered "Begin_Bomb_Defuse_Without_Kit"
L 09/07/2024 - 17:07:15: George have killed Toby from a distance of 10 meters
L 09/07/2024 - 17:07:15: "George<35><BOT><TERRORIST>" killed "Toby<53><BOT><CT>" with "glock18"
L 09/07/2024 - 17:07:15: Neil have killed George from a distance of 15 meters
L 09/07/2024 - 17:07:15: "Neil<32><BOT><CT>" killed "George<35><BOT><TERRORIST>" with "mp5navy"
L 09/07/2024 - 17:07:16: Graham have killed Marvin from a distance of 4 meters
L 09/07/2024 - 17:07:16: "Graham<38><BOT><TERRORIST>" killed "Marvin<46><BOT><CT>" with "mp5navy"
L 09/07/2024 - 17:07:17: "Niles<42><BOT><CT>" triggered "Begin_Bomb_Defuse_Without_Kit"
L 09/07/2024 - 17:07:22: Graham have killed Neil from a distance of 10 meters
L 09/07/2024 - 17:07:22: "Graham<38><BOT><TERRORIST>" killed "Neil<32><BOT><CT>" with "mp5navy"
L 09/07/2024 - 17:07:28: Graham have killed Niles from a distance of 3 meters
L 09/07/2024 - 17:07:28: "Graham<38><BOT><TERRORIST>" killed "Niles<42><BOT><CT>" with "mp5navy"
L 09/07/2024 - 17:07:28: Team "TERRORIST" triggered "Terrorists_Win" (CT "0") (T "3")
L 09/07/2024 - 17:07:28: World triggered "Round_End"
L 09/07/2024 - 17:07:33: "George<35><BOT><TERRORIST>" triggered "Spawned_With_The_Bomb"
L 09/07/2024 - 17:07:37: World triggered "Round_Start"
L 09/07/2024 - 17:07:47: @batata doce have killed Brandon from a distance of 45 meters
L 09/07/2024 - 17:07:47: @batata doce killed Brandon with a headshot.
L 09/07/2024 - 17:07:47: "@batata doce<29><STEAM_0:0:57204110><CT>" killed "Brandon<44><BOT><TERRORIST>" with "m4a1"
L 09/07/2024 - 17:07:49: @batata doce have killed Perry from a distance of 39 meters
L 09/07/2024 - 17:07:49: @batata doce killed Perry with a headshot.
L 09/07/2024 - 17:07:49: "@batata doce<29><STEAM_0:0:57204110><CT>" killed "Perry<49><BOT><TERRORIST>" with "m4a1"
L 09/07/2024 - 17:07:54: Shawn have killed Neil from a distance of 7 meters
L 09/07/2024 - 17:07:54: "Shawn<41><BOT><TERRORIST>" killed "Neil<32><BOT><CT>" with "mac10"
L 09/07/2024 - 17:07:55: Marvin have killed Shawn from a distance of 8 meters
L 09/07/2024 - 17:07:55: Marvin killed Shawn with a headshot.
L 09/07/2024 - 17:07:55: "Marvin<46><BOT><CT>" killed "Shawn<41><BOT><TERRORIST>" with "ump45"
L 09/07/2024 - 17:07:56: George have killed Marvin from a distance of 13 meters
L 09/07/2024 - 17:07:56: "George<35><BOT><TERRORIST>" killed "Marvin<46><BOT><CT>" with "galil"
L 09/07/2024 - 17:07:57: Alfred have killed George from a distance of 16 meters
L 09/07/2024 - 17:07:57: "Alfred<43><BOT><CT>" killed "George<35><BOT><TERRORIST>" with "ump45"
L 09/07/2024 - 17:07:57: "George<35><BOT><TERRORIST>" triggered "Dropped_The_Bomb"
L 09/07/2024 - 17:08:02: Alfred have killed Lester from a distance of 17 meters
L 09/07/2024 - 17:08:02: "Alfred<43><BOT><CT>" killed "Lester<52><BOT><TERRORIST>" with "ump45"
L 09/07/2024 - 17:08:05: Harvey have killed Elliot from a distance of 37 meters
L 09/07/2024 - 17:08:05: Harvey killed Elliot with a headshot.
L 09/07/2024 - 17:08:05: "Harvey<54><BOT><TERRORIST>" killed "Elliot<37><BOT><CT>" with "ump45"
L 09/07/2024 - 17:08:05: @batata doce have killed Fergus from a distance of 41 meters
L 09/07/2024 - 17:08:05: @batata doce killed Fergus with a headshot.
L 09/07/2024 - 17:08:05: "@batata doce<29><STEAM_0:0:57204110><CT>" killed "Fergus<31><BOT><TERRORIST>" with "m4a1"
L 09/07/2024 - 17:08:09: Dean have killed Alfred from a distance of 34 meters
L 09/07/2024 - 17:08:09: "Dean<30><BOT><TERRORIST>" killed "Alfred<43><BOT><CT>" with "mp5navy"
L 09/07/2024 - 17:08:13: Yogi have killed Ernie from a distance of 52 meters
L 09/07/2024 - 17:08:13: "Yogi<40><BOT><TERRORIST>" killed "Ernie<50><BOT><CT>" with "sg552"
L 09/07/2024 - 17:08:13: Harvey have killed Jason from a distance of 37 meters
L 09/07/2024 - 17:08:13: Harvey killed Jason with a headshot.
L 09/07/2024 - 17:08:13: "Harvey<54><BOT><TERRORIST>" killed "Jason<47><BOT><CT>" with "ump45"
L 09/07/2024 - 17:08:13: Norm have killed Dean from a distance of 40 meters
L 09/07/2024 - 17:08:13: "Norm<51><BOT><CT>" killed "Dean<30><BOT><TERRORIST>" with "mp5navy"
L 09/07/2024 - 17:08:15: Yogi have killed Ulysses from a distance of 46 meters
L 09/07/2024 - 17:08:15: "Yogi<40><BOT><TERRORIST>" killed "Ulysses<39><BOT><CT>" with "sg552"
L 09/07/2024 - 17:08:17: @batata doce have killed Harvey from a distance of 47 meters
L 09/07/2024 - 17:08:17: "@batata doce<29><STEAM_0:0:57204110><CT>" killed "Harvey<54><BOT><TERRORIST>" with "m4a1"
L 09/07/2024 - 17:08:17: @batata doce have killed Irving from a distance of 46 meters
L 09/07/2024 - 17:08:17: "@batata doce<29><STEAM_0:0:57204110><CT>" killed "Irving<56><BOT><TERRORIST>" with "m4a1"
L 09/07/2024 - 17:08:22: @batata doce have killed Frasier from a distance of 54 meters
L 09/07/2024 - 17:08:22: "@batata doce<29><STEAM_0:0:57204110><CT>" killed "Frasier<48><BOT><TERRORIST>" with "m4a1"
L 09/07/2024 - 17:08:23: Norm have killed Oliver from a distance of 46 meters
L 09/07/2024 - 17:08:23: Norm killed Oliver with a headshot.
L 09/07/2024 - 17:08:23: "Norm<51><BOT><CT>" killed "Oliver<45><BOT><TERRORIST>" with "mp5navy"
L 09/07/2024 - 17:08:34: Orin have killed Ferris from a distance of 25 meters
L 09/07/2024 - 17:08:34: "Orin<34><BOT><TERRORIST>" killed "Ferris<33><BOT><CT>" with "awp"
L 09/07/2024 - 17:08:35: Frank have killed Graham from a distance of 25 meters
L 09/07/2024 - 17:08:35: "Frank<55><BOT><CT>" killed "Graham<38><BOT><TERRORIST>" with "mp5navy"
L 09/07/2024 - 17:09:02: "Yogi<40><BOT><TERRORIST>" triggered "Got_The_Bomb"
L 09/07/2024 - 17:09:08: @batata doce have killed Orin from a distance of 15 meters
L 09/07/2024 - 17:09:08: @batata doce killed Orin with a headshot.
L 09/07/2024 - 17:09:08: "@batata doce<29><STEAM_0:0:57204110><CT>" killed "Orin<34><BOT><TERRORIST>" with "m4a1"
L 09/07/2024 - 17:09:08: Yogi have killed Toby from a distance of 17 meters
L 09/07/2024 - 17:09:08: Yogi killed Toby with a headshot.
L 09/07/2024 - 17:09:08: "Yogi<40><BOT><TERRORIST>" killed "Toby<53><BOT><CT>" with "sg552"
L 09/07/2024 - 17:09:14: Niles have killed Yogi from a distance of 16 meters
L 09/07/2024 - 17:09:14: "Niles<42><BOT><CT>" killed "Yogi<40><BOT><TERRORIST>" with "p90"
L 09/07/2024 - 17:09:14: Team "CT" triggered "CTs_Win" (CT "1") (T "3")
L 09/07/2024 - 17:09:14: World triggered "Round_End"
L 09/07/2024 - 17:09:19: "Graham<38><BOT><TERRORIST>" triggered "Spawned_With_The_Bomb"
L 09/07/2024 - 17:09:23: World triggered "Round_Start"
L 09/07/2024 - 17:09:37: Oliver have killed Toby from a distance of 4 meters
L 09/07/2024 - 17:09:37: "Oliver<45><BOT><TERRORIST>" killed "Toby<53><BOT><CT>" with "mp5navy"
L 09/07/2024 - 17:09:37: @batata doce have killed Oliver from a distance of 17 meters
L 09/07/2024 - 17:09:37: "@batata doce<29><STEAM_0:0:57204110><CT>" killed "Oliver<45><BOT><TERRORIST>" with "deagle"
L 09/07/2024 - 17:09:43: Shawn have killed Marvin from a distance of 15 meters
L 09/07/2024 - 17:09:43: "Shawn<41><BOT><TERRORIST>" killed "Marvin<46><BOT><CT>" with "sg552"
L 09/07/2024 - 17:09:44: @batata doce have killed Irving from a distance of 11 meters
L 09/07/2024 - 17:09:44: @batata doce killed Irving with a headshot.
L 09/07/2024 - 17:09:44: "@batata doce<29><STEAM_0:0:57204110><CT>" killed "Irving<56><BOT><TERRORIST>" with "deagle"
L 09/07/2024 - 17:09:45: @batata doce have killed Frasier from a distance of 13 meters
L 09/07/2024 - 17:09:45: @batata doce killed Frasier with a headshot.
L 09/07/2024 - 17:09:45: "@batata doce<29><STEAM_0:0:57204110><CT>" killed "Frasier<48><BOT><TERRORIST>" with "deagle"
L 09/07/2024 - 17:09:45: Shawn have killed @batata doce from a distance of 16 meters
L 09/07/2024 - 17:09:45: "Shawn<41><BOT><TERRORIST>" killed "@batata doce<29><STEAM_0:0:57204110><CT>" with "sg552"
L 09/07/2024 - 17:09:49: Log file closed
