L 09/07/2024 - 12:15:44: Log file started (file "logs\L0907002.log") (game "cstrike") (version "48/1.1.2.6/2.0.0.0/4554")
L 09/07/2024 - 12:15:44: "Orin<62><BOT><>" joined team "TERRORIST"
L 09/07/2024 - 12:15:44: "Orin<62><BOT><>" entered the game
L 09/07/2024 - 12:15:44: "Albert<63><BOT><>" joined team "CT"
L 09/07/2024 - 12:15:44: "Albert<63><BOT><>" entered the game
L 09/07/2024 - 12:15:45: "Perry<64><BOT><>" joined team "TERRORIST"
L 09/07/2024 - 12:15:45: "Perry<64><BOT><>" entered the game
L 09/07/2024 - 12:15:45: "Dean<65><BOT><>" joined team "TERRORIST"
L 09/07/2024 - 12:15:45: "Dean<65><BOT><>" entered the game
L 09/07/2024 - 12:15:45: "Lester<66><BOT><>" joined team "CT"
L 09/07/2024 - 12:15:45: "Lester<66><BOT><>" entered the game
L 09/07/2024 - 12:15:46: "Calvin<67><BOT><>" joined team "TERRORIST"
L 09/07/2024 - 12:15:46: "Calvin<67><BOT><>" entered the game
L 09/07/2024 - 12:15:46: "Marvin<68><BOT><>" joined team "CT"
L 09/07/2024 - 12:15:46: "Marvin<68><BOT><>" entered the game
L 09/07/2024 - 12:15:46: "Bob<58><BOT><TERRORIST>" triggered "Spawned_With_The_Bomb"
L 09/07/2024 - 12:15:46: "Shawn<69><BOT><>" joined team "TERRORIST"
L 09/07/2024 - 12:15:46: "Shawn<69><BOT><>" entered the game
L 09/07/2024 - 12:15:46: "Allen<70><BOT><>" joined team "CT"
L 09/07/2024 - 12:15:46: "Allen<70><BOT><>" entered the game
L 09/07/2024 - 12:15:47: "Bert<71><BOT><>" joined team "TERRORIST"
L 09/07/2024 - 12:15:47: "Bert<71><BOT><>" entered the game
L 09/07/2024 - 12:15:47: "Fergus<72><BOT><>" joined team "CT"
L 09/07/2024 - 12:15:47: "Fergus<72><BOT><>" entered the game
L 09/07/2024 - 12:15:47: "Tim<73><BOT><>" joined team "CT"
L 09/07/2024 - 12:15:47: "Tim<73><BOT><>" entered the game
L 09/07/2024 - 12:15:48: "Henry<74><BOT><>" joined team "TERRORIST"
L 09/07/2024 - 12:15:48: "Henry<74><BOT><>" entered the game
L 09/07/2024 - 12:15:48: "George<75><BOT><>" joined team "CT"
L 09/07/2024 - 12:15:48: "George<75><BOT><>" entered the game
L 09/07/2024 - 12:15:48: "Alfred<76><BOT><>" joined team "TERRORIST"
L 09/07/2024 - 12:15:48: "Alfred<76><BOT><>" entered the game
L 09/07/2024 - 12:15:49: "Frank<77><BOT><>" joined team "TERRORIST"
L 09/07/2024 - 12:15:49: "Frank<77><BOT><>" entered the game
L 09/07/2024 - 12:15:49: "Bill<78><BOT><>" joined team "CT"
L 09/07/2024 - 12:15:49: "Bill<78><BOT><>" entered the game
L 09/07/2024 - 12:15:49: "Niles<79><BOT><>" joined team "CT"
L 09/07/2024 - 12:15:49: "Niles<79><BOT><>" entered the game
L 09/07/2024 - 12:15:49: "Wally<80><BOT><>" joined team "TERRORIST"
L 09/07/2024 - 12:15:49: "Wally<80><BOT><>" entered the game
L 09/07/2024 - 12:15:50: "Cecil<81><BOT><>" joined team "CT"
L 09/07/2024 - 12:15:50: "Cecil<81><BOT><>" entered the game
L 09/07/2024 - 12:15:50: World triggered "Round_Start"
L 09/07/2024 - 12:15:50: "Nick<82><BOT><>" joined team "TERRORIST"
L 09/07/2024 - 12:15:50: "Nick<82><BOT><>" entered the game
L 09/07/2024 - 12:15:50: "Jason<83><BOT><>" joined team "TERRORIST"
L 09/07/2024 - 12:15:50: "Jason<83><BOT><>" entered the game
L 09/07/2024 - 12:15:51: "Uri<84><BOT><>" joined team "CT"
L 09/07/2024 - 12:15:51: "Uri<84><BOT><>" entered the game
L 09/07/2024 - 12:15:59: Calvin have killed Lester from a distance of 22 meters
L 09/07/2024 - 12:15:59: "Calvin<67><BOT><TERRORIST>" killed "Lester<66><BOT><CT>" with "p90"
L 09/07/2024 - 12:16:02: Calvin have killed Bill from a distance of 17 meters
L 09/07/2024 - 12:16:02: Calvin killed Bill with a headshot.
L 09/07/2024 - 12:16:02: "Calvin<67><BOT><TERRORIST>" killed "Bill<78><BOT><CT>" with "p90"
L 09/07/2024 - 12:16:03: @batata doce have killed Henry from a distance of 23 meters
L 09/07/2024 - 12:16:03: "@batata doce<57><STEAM_0:0:57204110><CT>" killed "Henry<74><BOT><TERRORIST>" with "m4a1"
L 09/07/2024 - 12:16:03: Fergus have killed Calvin from a distance of 18 meters
L 09/07/2024 - 12:16:03: Fergus killed Calvin with a headshot.
L 09/07/2024 - 12:16:03: "Fergus<72><BOT><CT>" killed "Calvin<67><BOT><TERRORIST>" with "p90"
L 09/07/2024 - 12:16:04: @batata doce have killed Perry from a distance of 24 meters
L 09/07/2024 - 12:16:04: @batata doce killed Perry with a headshot.
L 09/07/2024 - 12:16:04: "@batata doce<57><STEAM_0:0:57204110><CT>" killed "Perry<64><BOT><TERRORIST>" with "m4a1"
L 09/07/2024 - 12:16:05: @batata doce have killed Alfred from a distance of 25 meters
L 09/07/2024 - 12:16:05: @batata doce killed Alfred with a headshot.
L 09/07/2024 - 12:16:05: "@batata doce<57><STEAM_0:0:57204110><CT>" killed "Alfred<76><BOT><TERRORIST>" with "m4a1"
L 09/07/2024 - 12:16:05: George have killed Frank from a distance of 2 meters
L 09/07/2024 - 12:16:05: "George<75><BOT><CT>" killed "Frank<77><BOT><TERRORIST>" with "xm1014"
L 09/07/2024 - 12:16:08: George have killed Josh from a distance of 9 meters
L 09/07/2024 - 12:16:08: "George<75><BOT><CT>" killed "Josh<60><BOT><TERRORIST>" with "xm1014"
L 09/07/2024 - 12:16:09: Nick have killed George from a distance of 16 meters
L 09/07/2024 - 12:16:09: Nick killed George with a headshot.
L 09/07/2024 - 12:16:09: "Nick<82><BOT><TERRORIST>" killed "George<75><BOT><CT>" with "mp5navy"
L 09/07/2024 - 12:16:11: Bob have killed Fergus from a distance of 20 meters
L 09/07/2024 - 12:16:11: "Bob<58><BOT><TERRORIST>" killed "Fergus<72><BOT><CT>" with "mac10"
L 09/07/2024 - 12:16:16: Orin have killed Albert from a distance of 13 meters
L 09/07/2024 - 12:16:16: "Orin<62><BOT><TERRORIST>" killed "Albert<63><BOT><CT>" with "ak47"
L 09/07/2024 - 12:16:20: @batata doce have killed Shawn from a distance of 18 meters
L 09/07/2024 - 12:16:20: @batata doce killed Shawn with a headshot.
L 09/07/2024 - 12:16:20: "@batata doce<57><STEAM_0:0:57204110><CT>" killed "Shawn<69><BOT><TERRORIST>" with "m4a1"
L 09/07/2024 - 12:16:21: @batata doce have killed Bob from a distance of 35 meters
L 09/07/2024 - 12:16:21: "@batata doce<57><STEAM_0:0:57204110><CT>" killed "Bob<58><BOT><TERRORIST>" with "m4a1"
L 09/07/2024 - 12:16:21: "Bob<58><BOT><TERRORIST>" triggered "Dropped_The_Bomb"
L 09/07/2024 - 12:16:28: Orin have killed Marvin from a distance of 19 meters
L 09/07/2024 - 12:16:28: "Orin<62><BOT><TERRORIST>" killed "Marvin<68><BOT><CT>" with "ak47"
L 09/07/2024 - 12:16:29: Wally have killed Oliver from a distance of 2 meters
L 09/07/2024 - 12:16:29: "Wally<80><BOT><TERRORIST>" killed "Oliver<59><BOT><CT>" with "ak47"
L 09/07/2024 - 12:16:29: @batata doce have killed Wally from a distance of 4 meters
L 09/07/2024 - 12:16:29: "@batata doce<57><STEAM_0:0:57204110><CT>" killed "Wally<80><BOT><TERRORIST>" with "m4a1"
L 09/07/2024 - 12:16:33: @batata doce have killed Jason from a distance of 31 meters
L 09/07/2024 - 12:16:33: "@batata doce<57><STEAM_0:0:57204110><CT>" killed "Jason<83><BOT><TERRORIST>" with "m4a1"
L 09/07/2024 - 12:16:36: "Dean<65><BOT><TERRORIST>" triggered "Got_The_Bomb"
L 09/07/2024 - 12:16:36: Nick have killed @batata doce from a distance of 6 meters
L 09/07/2024 - 12:16:36: "Nick<82><BOT><TERRORIST>" killed "@batata doce<57><STEAM_0:0:57204110><CT>" with "mp5navy"
L 09/07/2024 - 12:16:40: Cecil have killed Nick from a distance of 29 meters
L 09/07/2024 - 12:16:40: Cecil killed Nick with a headshot.
L 09/07/2024 - 12:16:40: "Cecil<81><BOT><CT>" killed "Nick<82><BOT><TERRORIST>" with "m4a1"
L 09/07/2024 - 12:16:43: Bert have killed Cecil from a distance of 9 meters
L 09/07/2024 - 12:16:43: "Bert<71><BOT><TERRORIST>" killed "Cecil<81><BOT><CT>" with "ak47"
L 09/07/2024 - 12:16:43: Toby have killed Orin from a distance of 18 meters
L 09/07/2024 - 12:16:43: "Toby<61><BOT><CT>" killed "Orin<62><BOT><TERRORIST>" with "ump45"
L 09/07/2024 - 12:16:44: Dean have killed Toby from a distance of 18 meters
L 09/07/2024 - 12:16:44: "Dean<65><BOT><TERRORIST>" killed "Toby<61><BOT><CT>" with "ump45"
L 09/07/2024 - 12:16:50: Allen have killed Bert from a distance of 3 meters
L 09/07/2024 - 12:16:50: "Allen<70><BOT><CT>" killed "Bert<71><BOT><TERRORIST>" with "xm1014"
L 09/07/2024 - 12:17:03: "Dean<65><BOT><TERRORIST>" triggered "Planted_The_Bomb"
L 09/07/2024 - 12:17:08: Dean have killed Niles from a distance of 3 meters
L 09/07/2024 - 12:17:08: "Dean<65><BOT><TERRORIST>" killed "Niles<79><BOT><CT>" with "ump45"
L 09/07/2024 - 12:17:20: Tim have killed Dean from a distance of 12 meters
L 09/07/2024 - 12:17:20: Tim killed Dean with a headshot.
L 09/07/2024 - 12:17:20: "Tim<73><BOT><CT>" killed "Dean<65><BOT><TERRORIST>" with "mp5navy"
L 09/07/2024 - 12:17:26: "Tim<73><BOT><CT>" triggered "Begin_Bomb_Defuse_With_Kit"
L 09/07/2024 - 12:17:31: "Tim<73><BOT><CT>" triggered "Defused_The_Bomb"
L 09/07/2024 - 12:17:31: Team "CT" triggered "Bomb_Defused" (CT "1") (T "0")
L 09/07/2024 - 12:17:31: World triggered "Round_End"
L 09/07/2024 - 12:17:36: "Josh<60><BOT><TERRORIST>" triggered "Spawned_With_The_Bomb"
L 09/07/2024 - 12:17:40: World triggered "Round_Start"
L 09/07/2024 - 12:17:51: @batata doce have killed Dean from a distance of 25 meters
L 09/07/2024 - 12:17:51: @batata doce killed Dean with a headshot.
L 09/07/2024 - 12:17:51: "@batata doce<57><STEAM_0:0:57204110><CT>" killed "Dean<65><BOT><TERRORIST>" with "m4a1"
L 09/07/2024 - 12:17:53: @batata doce have killed Orin from a distance of 29 meters
L 09/07/2024 - 12:17:53: "@batata doce<57><STEAM_0:0:57204110><CT>" killed "Orin<62><BOT><TERRORIST>" with "m4a1"
L 09/07/2024 - 12:18:00: Perry have killed @batata doce from a distance of 15 meters
L 09/07/2024 - 12:18:00: Perry killed @batata doce with a headshot.
L 09/07/2024 - 12:18:00: "Perry<64><BOT><TERRORIST>" killed "@batata doce<57><STEAM_0:0:57204110><CT>" with "mp5navy"
L 09/07/2024 - 12:18:03: Log file closed
