L 09/07/2024 - 11:34:36: Log file started (file "logs\L0907000.log") (game "cstrike") (version "48/1.1.2.6/2.0.0.0/4554")
L 09/07/2024 - 11:34:36: "Toby<7><BOT><>" joined team "TERRORIST"
L 09/07/2024 - 11:34:36: "Toby<7><BOT><>" entered the game
L 09/07/2024 - 11:34:36: "Martin<8><BOT><>" joined team "CT"
L 09/07/2024 - 11:34:36: "Martin<8><BOT><>" entered the game
L 09/07/2024 - 11:34:37: "Opie<9><BOT><>" joined team "CT"
L 09/07/2024 - 11:34:37: "Opie<9><BOT><>" entered the game
L 09/07/2024 - 11:34:37: "Elmer<10><BOT><>" joined team "TERRORIST"
L 09/07/2024 - 11:34:37: "Elmer<10><BOT><>" entered the game
L 09/07/2024 - 11:34:37: "Fergus<11><BOT><>" joined team "CT"
L 09/07/2024 - 11:34:37: "Fergus<11><BOT><>" entered the game
L 09/07/2024 - 11:34:37: "Brandon<12><BOT><>" joined team "TERRORIST"
L 09/07/2024 - 11:34:38: "Frasier<2><BOT><TERRORIST>" triggered "Spawned_With_The_Bomb"
L 09/07/2024 - 11:34:38: "Brandon<12><BOT><>" entered the game
L 09/07/2024 - 11:34:38: "Bob<13><BOT><>" joined team "TERRORIST"
L 09/07/2024 - 11:34:38: "Bob<13><BOT><>" entered the game
L 09/07/2024 - 11:34:38: "Ernie<14><BOT><>" joined team "CT"
L 09/07/2024 - 11:34:38: "Ernie<14><BOT><>" entered the game
L 09/07/2024 - 11:34:38: "Norm<15><BOT><>" joined team "CT"
L 09/07/2024 - 11:34:38: "Norm<15><BOT><>" entered the game
L 09/07/2024 - 11:34:39: "Tim<16><BOT><>" joined team "TERRORIST"
L 09/07/2024 - 11:34:39: "Tim<16><BOT><>" entered the game
L 09/07/2024 - 11:34:39: "Waldo<17><BOT><>" joined team "TERRORIST"
L 09/07/2024 - 11:34:39: "Waldo<17><BOT><>" entered the game
L 09/07/2024 - 11:34:39: "Orin<18><BOT><>" joined team "CT"
L 09/07/2024 - 11:34:39: "Orin<18><BOT><>" entered the game
L 09/07/2024 - 11:34:40: "Yuri<19><BOT><>" joined team "TERRORIST"
L 09/07/2024 - 11:34:40: "Yuri<19><BOT><>" entered the game
L 09/07/2024 - 11:34:40: "Wyatt<20><BOT><>" joined team "CT"
L 09/07/2024 - 11:34:40: "Wyatt<20><BOT><>" entered the game
L 09/07/2024 - 11:34:40: "Harvey<21><BOT><>" joined team "CT"
L 09/07/2024 - 11:34:40: "Harvey<21><BOT><>" entered the game
L 09/07/2024 - 11:34:41: "Lester<22><BOT><>" joined team "TERRORIST"
L 09/07/2024 - 11:34:41: "Lester<22><BOT><>" entered the game
L 09/07/2024 - 11:34:41: "Bert<23><BOT><>" joined team "TERRORIST"
L 09/07/2024 - 11:34:41: "Bert<23><BOT><>" entered the game
L 09/07/2024 - 11:34:41: "Irving<24><BOT><>" joined team "CT"
L 09/07/2024 - 11:34:41: "Irving<24><BOT><>" entered the game
L 09/07/2024 - 11:34:41: "Nick<25><BOT><>" joined team "TERRORIST"
L 09/07/2024 - 11:34:41: "Nick<25><BOT><>" entered the game
L 09/07/2024 - 11:34:42: World triggered "Round_Start"
L 09/07/2024 - 11:34:42: "Neil<26><BOT><>" joined team "CT"
L 09/07/2024 - 11:34:42: "Neil<26><BOT><>" entered the game
L 09/07/2024 - 11:34:42: "Harold<27><BOT><>" joined team "CT"
L 09/07/2024 - 11:34:42: "Harold<27><BOT><>" entered the game
L 09/07/2024 - 11:34:42: "Eugene<28><BOT><>" joined team "TERRORIST"
L 09/07/2024 - 11:34:42: "Eugene<28><BOT><>" entered the game
L 09/07/2024 - 11:34:51: Harvey have killed Elmer from a distance of 23 meters
L 09/07/2024 - 11:34:51: "Harvey<21><BOT><CT>" killed "Elmer<10><BOT><TERRORIST>" with "xm1014"
L 09/07/2024 - 11:34:52: Toby have killed Ernie from a distance of 42 meters
L 09/07/2024 - 11:34:52: Toby killed Ernie with a headshot.
L 09/07/2024 - 11:34:52: "Toby<7><BOT><TERRORIST>" killed "Ernie<14><BOT><CT>" with "galil"
L 09/07/2024 - 11:34:55: @batata doce have killed Tim from a distance of 16 meters
L 09/07/2024 - 11:34:55: @batata doce killed Tim with a headshot.
L 09/07/2024 - 11:34:55: "@batata doce<1><STEAM_0:0:57204110><CT>" killed "Tim<16><BOT><TERRORIST>" with "deagle"
L 09/07/2024 - 11:34:57: Norm have killed Calvin from a distance of 24 meters
L 09/07/2024 - 11:34:57: "Norm<15><BOT><CT>" killed "Calvin<3><BOT><TERRORIST>" with "m4a1"
L 09/07/2024 - 11:34:57: Wyatt have killed Lester from a distance of 14 meters
L 09/07/2024 - 11:34:57: "Wyatt<20><BOT><CT>" killed "Lester<22><BOT><TERRORIST>" with "tmp"
L 09/07/2024 - 11:35:00: Bill have killed Wyatt from a distance of 13 meters
L 09/07/2024 - 11:35:00: "Bill<6><BOT><TERRORIST>" killed "Wyatt<20><BOT><CT>" with "galil"
L 09/07/2024 - 11:35:06: @batata doce have killed Bob from a distance of 5 meters
L 09/07/2024 - 11:35:06: @batata doce killed Bob with a headshot.
L 09/07/2024 - 11:35:06: "@batata doce<1><STEAM_0:0:57204110><CT>" killed "Bob<13><BOT><TERRORIST>" with "deagle"
L 09/07/2024 - 11:35:07: Toby have killed Allen from a distance of 42 meters
L 09/07/2024 - 11:35:07: "Toby<7><BOT><TERRORIST>" killed "Allen<4><BOT><CT>" with "galil"
L 09/07/2024 - 11:35:08: Bert have killed @batata doce from a distance of 2 meters
L 09/07/2024 - 11:35:08: "Bert<23><BOT><TERRORIST>" killed "@batata doce<1><STEAM_0:0:57204110><CT>" with "ump45"
L 09/07/2024 - 11:35:11: Irving have killed Bert from a distance of 5 meters
L 09/07/2024 - 11:35:11: "Irving<24><BOT><CT>" killed "Bert<23><BOT><TERRORIST>" with "m4a1"
L 09/07/2024 - 11:35:13: Nick have killed Irving from a distance of 2 meters
L 09/07/2024 - 11:35:13: "Nick<25><BOT><TERRORIST>" killed "Irving<24><BOT><CT>" with "sg552"
L 09/07/2024 - 11:35:13: Yuri have killed Martin from a distance of 8 meters
L 09/07/2024 - 11:35:13: "Yuri<19><BOT><TERRORIST>" killed "Martin<8><BOT><CT>" with "p90"
L 09/07/2024 - 11:35:14: Norm have killed Nick from a distance of 9 meters
L 09/07/2024 - 11:35:14: "Norm<15><BOT><CT>" killed "Nick<25><BOT><TERRORIST>" with "m4a1"
L 09/07/2024 - 11:35:17: Frasier have killed Opie from a distance of 13 meters
L 09/07/2024 - 11:35:17: Frasier killed Opie with a headshot.
L 09/07/2024 - 11:35:17: "Frasier<2><BOT><TERRORIST>" killed "Opie<9><BOT><CT>" with "galil"
L 09/07/2024 - 11:35:20: Fergus have killed Bill from a distance of 31 meters
L 09/07/2024 - 11:35:20: "Fergus<11><BOT><CT>" killed "Bill<6><BOT><TERRORIST>" with "scout"
L 09/07/2024 - 11:35:25: Harvey have killed Frasier from a distance of 4 meters
L 09/07/2024 - 11:35:25: "Harvey<21><BOT><CT>" killed "Frasier<2><BOT><TERRORIST>" with "xm1014"
L 09/07/2024 - 11:35:25: "Frasier<2><BOT><TERRORIST>" triggered "Dropped_The_Bomb"
L 09/07/2024 - 11:35:26: Yuri have killed Harvey from a distance of 13 meters
L 09/07/2024 - 11:35:26: "Yuri<19><BOT><TERRORIST>" killed "Harvey<21><BOT><CT>" with "p90"
L 09/07/2024 - 11:35:27: Eugene have killed Fergus from a distance of 26 meters
L 09/07/2024 - 11:35:27: "Eugene<28><BOT><TERRORIST>" killed "Fergus<11><BOT><CT>" with "ump45"
L 09/07/2024 - 11:35:29: Orin have killed Toby from a distance of 17 meters
L 09/07/2024 - 11:35:29: "Orin<18><BOT><CT>" killed "Toby<7><BOT><TERRORIST>" with "m3"
L 09/07/2024 - 11:35:29: "Yuri<19><BOT><TERRORIST>" triggered "Got_The_Bomb"
L 09/07/2024 - 11:35:32: Yuri have killed Neil from a distance of 9 meters
L 09/07/2024 - 11:35:32: "Yuri<19><BOT><TERRORIST>" killed "Neil<26><BOT><CT>" with "p90"
L 09/07/2024 - 11:35:36: Harold have killed Waldo from a distance of 17 meters
L 09/07/2024 - 11:35:36: "Harold<27><BOT><CT>" killed "Waldo<17><BOT><TERRORIST>" with "p90"
L 09/07/2024 - 11:35:49: Yuri have killed Harold from a distance of 17 meters
L 09/07/2024 - 11:35:49: "Yuri<19><BOT><TERRORIST>" killed "Harold<27><BOT><CT>" with "p90"
L 09/07/2024 - 11:35:54: Orin have killed Yuri from a distance of 25 meters
L 09/07/2024 - 11:35:54: Orin killed Yuri with a headshot.
L 09/07/2024 - 11:35:54: "Orin<18><BOT><CT>" killed "Yuri<19><BOT><TERRORIST>" with "m3"
L 09/07/2024 - 11:35:54: "Yuri<19><BOT><TERRORIST>" triggered "Dropped_The_Bomb"
L 09/07/2024 - 11:36:11: Orin have killed Eugene from a distance of 9 meters
L 09/07/2024 - 11:36:11: "Orin<18><BOT><CT>" killed "Eugene<28><BOT><TERRORIST>" with "m3"
L 09/07/2024 - 11:36:11: Team "CT" triggered "CTs_Win" (CT "1") (T "0")
L 09/07/2024 - 11:36:11: World triggered "Round_End"
L 09/07/2024 - 11:36:16: "Calvin<3><BOT><TERRORIST>" triggered "Spawned_With_The_Bomb"
L 09/07/2024 - 11:36:20: World triggered "Round_Start"
L 09/07/2024 - 11:36:35: @batata doce have killed Eugene from a distance of 33 meters
L 09/07/2024 - 11:36:35: "@batata doce<1><STEAM_0:0:57204110><CT>" killed "Eugene<28><BOT><TERRORIST>" with "deagle"
L 09/07/2024 - 11:36:39: @batata doce have killed Lester from a distance of 27 meters
L 09/07/2024 - 11:36:39: @batata doce killed Lester with a headshot.
L 09/07/2024 - 11:36:39: "@batata doce<1><STEAM_0:0:57204110><CT>" killed "Lester<22><BOT><TERRORIST>" with "deagle"
L 09/07/2024 - 11:36:42: Ernie have killed Frasier from a distance of 39 meters
L 09/07/2024 - 11:36:42: "Ernie<14><BOT><CT>" killed "Frasier<2><BOT><TERRORIST>" with "m4a1"
L 09/07/2024 - 11:36:45: "Calvin<3><BOT><TERRORIST>" triggered "Planted_The_Bomb"
L 09/07/2024 - 11:36:46: Brandon have killed Neil from a distance of 13 meters
L 09/07/2024 - 11:36:46: "Brandon<12><BOT><TERRORIST>" killed "Neil<26><BOT><CT>" with "mp5navy"
L 09/07/2024 - 11:36:56: Allen have killed Calvin from a distance of 7 meters
L 09/07/2024 - 11:36:56: "Allen<4><BOT><CT>" killed "Calvin<3><BOT><TERRORIST>" with "sg550"
L 09/07/2024 - 11:37:00: Bill have killed Allen from a distance of 8 meters
L 09/07/2024 - 11:37:00: "Bill<6><BOT><TERRORIST>" killed "Allen<4><BOT><CT>" with "mac10"
L 09/07/2024 - 11:37:01: @batata doce have killed Nick from a distance of 26 meters
L 09/07/2024 - 11:37:01: @batata doce killed Nick with a headshot.
L 09/07/2024 - 11:37:01: "@batata doce<1><STEAM_0:0:57204110><CT>" killed "Nick<25><BOT><TERRORIST>" with "deagle"
L 09/07/2024 - 11:37:03: Harvey have killed Bill from a distance of 28 meters
L 09/07/2024 - 11:37:03: "Harvey<21><BOT><CT>" killed "Bill<6><BOT><TERRORIST>" with "ump45"
L 09/07/2024 - 11:37:03: @batata doce have killed Brandon from a distance of 24 meters
L 09/07/2024 - 11:37:03: @batata doce killed Brandon with a headshot.
L 09/07/2024 - 11:37:03: "@batata doce<1><STEAM_0:0:57204110><CT>" killed "Brandon<12><BOT><TERRORIST>" with "deagle"
L 09/07/2024 - 11:37:04: Elmer have killed Ernie from a distance of 28 meters
L 09/07/2024 - 11:37:04: "Elmer<10><BOT><TERRORIST>" killed "Ernie<14><BOT><CT>" with "mac10"
L 09/07/2024 - 11:37:04: Bert have killed Orin from a distance of 29 meters
L 09/07/2024 - 11:37:04: "Bert<23><BOT><TERRORIST>" killed "Orin<18><BOT><CT>" with "p90"
L 09/07/2024 - 11:37:05: Wyatt have killed Toby from a distance of 13 meters
L 09/07/2024 - 11:37:05: "Wyatt<20><BOT><CT>" killed "Toby<7><BOT><TERRORIST>" with "mp5navy"
L 09/07/2024 - 11:37:07: @batata doce have killed Waldo from a distance of 15 meters
L 09/07/2024 - 11:37:07: @batata doce killed Waldo with a headshot.
L 09/07/2024 - 11:37:07: "@batata doce<1><STEAM_0:0:57204110><CT>" killed "Waldo<17><BOT><TERRORIST>" with "deagle"
L 09/07/2024 - 11:37:08: Marvin have killed Tim from a distance of 44 meters
L 09/07/2024 - 11:37:08: "Marvin<5><BOT><CT>" killed "Tim<16><BOT><TERRORIST>" with "famas"
L 09/07/2024 - 11:37:13: @batata doce have killed Bob from a distance of 9 meters
L 09/07/2024 - 11:37:13: @batata doce killed Bob with a headshot.
L 09/07/2024 - 11:37:13: "@batata doce<1><STEAM_0:0:57204110><CT>" killed "Bob<13><BOT><TERRORIST>" with "deagle"
L 09/07/2024 - 11:37:16: @batata doce have killed Bert from a distance of 18 meters
L 09/07/2024 - 11:37:16: "@batata doce<1><STEAM_0:0:57204110><CT>" killed "Bert<23><BOT><TERRORIST>" with "mac10"
L 09/07/2024 - 11:37:18: Wyatt have killed Elmer from a distance of 17 meters
L 09/07/2024 - 11:37:18: "Wyatt<20><BOT><CT>" killed "Elmer<10><BOT><TERRORIST>" with "mp5navy"
L 09/07/2024 - 11:37:22: Yuri have killed Martin from a distance of 14 meters
L 09/07/2024 - 11:37:22: "Yuri<19><BOT><TERRORIST>" killed "Martin<8><BOT><CT>" with "m3"
L 09/07/2024 - 11:37:24: Norm have killed Yuri from a distance of 27 meters
L 09/07/2024 - 11:37:24: "Norm<15><BOT><CT>" killed "Yuri<19><BOT><TERRORIST>" with "m4a1"
L 09/07/2024 - 11:37:24: "@batata doce<1><STEAM_0:0:57204110><CT>" triggered "Begin_Bomb_Defuse_Without_Kit"
L 09/07/2024 - 11:37:30: Team "TERRORIST" triggered "Target_Bombed" (CT "1") (T "1")
L 09/07/2024 - 11:37:30: World triggered "Round_End"
L 09/07/2024 - 11:37:35: "Bill<6><BOT><TERRORIST>" triggered "Spawned_With_The_Bomb"
L 09/07/2024 - 11:37:39: World triggered "Round_Start"
L 09/07/2024 - 11:37:55: @batata doce have killed Tim from a distance of 20 meters
L 09/07/2024 - 11:37:55: @batata doce killed Tim with a headshot.
L 09/07/2024 - 11:37:55: "@batata doce<1><STEAM_0:0:57204110><CT>" killed "Tim<16><BOT><TERRORIST>" with "deagle"
L 09/07/2024 - 11:37:57: @batata doce have killed Elmer from a distance of 17 meters
L 09/07/2024 - 11:37:57: @batata doce killed Elmer with a headshot.
L 09/07/2024 - 11:37:57: "@batata doce<1><STEAM_0:0:57204110><CT>" killed "Elmer<10><BOT><TERRORIST>" with "deagle"
L 09/07/2024 - 11:37:59: Yuri have killed @batata doce from a distance of 21 meters
L 09/07/2024 - 11:37:59: "Yuri<19><BOT><TERRORIST>" killed "@batata doce<1><STEAM_0:0:57204110><CT>" with "sg552"
L 09/07/2024 - 11:38:04: Opie have killed Yuri from a distance of 11 meters
L 09/07/2024 - 11:38:04: "Opie<9><BOT><CT>" killed "Yuri<19><BOT><TERRORIST>" with "m3"
L 09/07/2024 - 11:38:08: Bill have killed Harold from a distance of 34 meters
L 09/07/2024 - 11:38:08: Bill killed Harold with a headshot.
L 09/07/2024 - 11:38:08: "Bill<6><BOT><TERRORIST>" killed "Harold<27><BOT><CT>" with "galil"
L 09/07/2024 - 11:38:10: Nick have killed Martin from a distance of 12 meters
L 09/07/2024 - 11:38:10: "Nick<25><BOT><TERRORIST>" killed "Martin<8><BOT><CT>" with "mp5navy"
L 09/07/2024 - 11:38:12: Bill have killed Neil from a distance of 33 meters
L 09/07/2024 - 11:38:12: "Bill<6><BOT><TERRORIST>" killed "Neil<26><BOT><CT>" with "galil"
L 09/07/2024 - 11:38:12: Lester have killed Opie from a distance of 17 meters
L 09/07/2024 - 11:38:12: Lester killed Opie with a headshot.
L 09/07/2024 - 11:38:12: "Lester<22><BOT><TERRORIST>" killed "Opie<9><BOT><CT>" with "xm1014"
L 09/07/2024 - 11:38:18: Lester have killed Allen from a distance of 28 meters
L 09/07/2024 - 11:38:18: "Lester<22><BOT><TERRORIST>" killed "Allen<4><BOT><CT>" with "xm1014"
L 09/07/2024 - 11:38:18: Calvin have killed Ernie from a distance of 29 meters
L 09/07/2024 - 11:38:18: Calvin killed Ernie with a headshot.
L 09/07/2024 - 11:38:18: "Calvin<3><BOT><TERRORIST>" killed "Ernie<14><BOT><CT>" with "p90"
L 09/07/2024 - 11:38:22: Norm have killed Waldo from a distance of 14 meters
L 09/07/2024 - 11:38:22: Norm killed Waldo with a headshot.
L 09/07/2024 - 11:38:22: "Norm<15><BOT><CT>" killed "Waldo<17><BOT><TERRORIST>" with "usp"
L 09/07/2024 - 11:38:22: Bert have killed Norm from a distance of 24 meters
L 09/07/2024 - 11:38:22: "Bert<23><BOT><TERRORIST>" killed "Norm<15><BOT><CT>" with "scout"
L 09/07/2024 - 11:38:24: Nick have killed Harvey from a distance of 32 meters
L 09/07/2024 - 11:38:24: "Nick<25><BOT><TERRORIST>" killed "Harvey<21><BOT><CT>" with "mp5navy"
L 09/07/2024 - 11:38:28: Marvin have killed Eugene from a distance of 5 meters
L 09/07/2024 - 11:38:28: "Marvin<5><BOT><CT>" killed "Eugene<28><BOT><TERRORIST>" with "m3"
L 09/07/2024 - 11:38:30: Calvin have killed Wyatt from a distance of 14 meters
L 09/07/2024 - 11:38:30: Calvin killed Wyatt with a headshot.
L 09/07/2024 - 11:38:30: "Calvin<3><BOT><TERRORIST>" killed "Wyatt<20><BOT><CT>" with "p90"
L 09/07/2024 - 11:38:30: Marvin have killed Calvin from a distance of 17 meters
L 09/07/2024 - 11:38:30: "Marvin<5><BOT><CT>" killed "Calvin<3><BOT><TERRORIST>" with "m3"
L 09/07/2024 - 11:38:38: Bill have killed Fergus from a distance of 19 meters
L 09/07/2024 - 11:38:38: Bill killed Fergus with a headshot.
L 09/07/2024 - 11:38:38: "Bill<6><BOT><TERRORIST>" killed "Fergus<11><BOT><CT>" with "galil"
L 09/07/2024 - 11:39:02: "Bill<6><BOT><TERRORIST>" triggered "Planted_The_Bomb"
L 09/07/2024 - 11:39:06: Marvin have killed Lester from a distance of 25 meters
L 09/07/2024 - 11:39:06: "Marvin<5><BOT><CT>" killed "Lester<22><BOT><TERRORIST>" with "m3"
L 09/07/2024 - 11:39:21: Bert have killed Marvin from a distance of 36 meters
L 09/07/2024 - 11:39:21: "Bert<23><BOT><TERRORIST>" killed "Marvin<5><BOT><CT>" with "scout"
L 09/07/2024 - 11:39:21: Orin have killed Bert from a distance of 50 meters
L 09/07/2024 - 11:39:21: Orin killed Bert with a headshot.
L 09/07/2024 - 11:39:21: "Orin<18><BOT><CT>" killed "Bert<23><BOT><TERRORIST>" with "famas"
L 09/07/2024 - 11:39:32: Irving have killed Toby from a distance of 24 meters
L 09/07/2024 - 11:39:32: "Irving<24><BOT><CT>" killed "Toby<7><BOT><TERRORIST>" with "usp"
L 09/07/2024 - 11:39:33: Nick have killed Orin from a distance of 6 meters
L 09/07/2024 - 11:39:33: "Nick<25><BOT><TERRORIST>" killed "Orin<18><BOT><CT>" with "mp5navy"
L 09/07/2024 - 11:39:37: Nick have killed Irving from a distance of 25 meters
L 09/07/2024 - 11:39:37: "Nick<25><BOT><TERRORIST>" killed "Irving<24><BOT><CT>" with "mp5navy"
L 09/07/2024 - 11:39:37: Team "TERRORIST" triggered "Terrorists_Win" (CT "1") (T "2")
L 09/07/2024 - 11:39:37: World triggered "Round_End"
L 09/07/2024 - 11:39:42: "Toby<7><BOT><TERRORIST>" triggered "Spawned_With_The_Bomb"
L 09/07/2024 - 11:39:46: World triggered "Round_Start"
L 09/07/2024 - 11:40:03: @batata doce have killed Bob from a distance of 31 meters
L 09/07/2024 - 11:40:03: @batata doce killed Bob with a headshot.
L 09/07/2024 - 11:40:03: "@batata doce<1><STEAM_0:0:57204110><CT>" killed "Bob<13><BOT><TERRORIST>" with "m4a1"
L 09/07/2024 - 11:40:05: @batata doce have killed Bert from a distance of 51 meters
L 09/07/2024 - 11:40:05: "@batata doce<1><STEAM_0:0:57204110><CT>" killed "Bert<23><BOT><TERRORIST>" with "m4a1"
L 09/07/2024 - 11:40:08: @batata doce have killed Lester from a distance of 39 meters
L 09/07/2024 - 11:40:08: @batata doce killed Lester with a headshot.
L 09/07/2024 - 11:40:08: "@batata doce<1><STEAM_0:0:57204110><CT>" killed "Lester<22><BOT><TERRORIST>" with "m4a1"
L 09/07/2024 - 11:40:10: @batata doce have killed Toby from a distance of 43 meters
L 09/07/2024 - 11:40:10: "@batata doce<1><STEAM_0:0:57204110><CT>" killed "Toby<7><BOT><TERRORIST>" with "m4a1"
L 09/07/2024 - 11:40:10: "Toby<7><BOT><TERRORIST>" triggered "Dropped_The_Bomb"
L 09/07/2024 - 11:40:11: @batata doce have killed Waldo from a distance of 44 meters
L 09/07/2024 - 11:40:11: @batata doce killed Waldo with a headshot.
L 09/07/2024 - 11:40:11: "@batata doce<1><STEAM_0:0:57204110><CT>" killed "Waldo<17><BOT><TERRORIST>" with "m4a1"
L 09/07/2024 - 11:40:12: Nick have killed Martin from a distance of 8 meters
L 09/07/2024 - 11:40:12: Nick killed Martin with a headshot.
L 09/07/2024 - 11:40:12: "Nick<25><BOT><TERRORIST>" killed "Martin<8><BOT><CT>" with "mp5navy"
L 09/07/2024 - 11:40:14: Nick have killed Fergus from a distance of 11 meters
L 09/07/2024 - 11:40:14: Nick killed Fergus with a headshot.
L 09/07/2024 - 11:40:14: "Nick<25><BOT><TERRORIST>" killed "Fergus<11><BOT><CT>" with "mp5navy"
L 09/07/2024 - 11:40:15: Bill have killed Norm from a distance of 11 meters
L 09/07/2024 - 11:40:15: "Bill<6><BOT><TERRORIST>" killed "Norm<15><BOT><CT>" with "galil"
L 09/07/2024 - 11:40:15: "Elmer<10><BOT><TERRORIST>" triggered "Got_The_Bomb"
L 09/07/2024 - 11:40:18: @batata doce have killed Calvin from a distance of 39 meters
L 09/07/2024 - 11:40:18: "@batata doce<1><STEAM_0:0:57204110><CT>" killed "Calvin<3><BOT><TERRORIST>" with "m4a1"
L 09/07/2024 - 11:40:18: Opie have killed Elmer from a distance of 39 meters
L 09/07/2024 - 11:40:18: Opie killed Elmer with a headshot.
L 09/07/2024 - 11:40:18: "Opie<9><BOT><CT>" killed "Elmer<10><BOT><TERRORIST>" with "m4a1"
L 09/07/2024 - 11:40:18: "Elmer<10><BOT><TERRORIST>" triggered "Dropped_The_Bomb"
L 09/07/2024 - 11:40:21: "Yuri<19><BOT><TERRORIST>" triggered "Got_The_Bomb"
L 09/07/2024 - 11:40:26: Tim have killed Ernie from a distance of 2 meters
L 09/07/2024 - 11:40:26: "Tim<16><BOT><TERRORIST>" killed "Ernie<14><BOT><CT>" with "p90"
L 09/07/2024 - 11:40:28: Marvin have killed Bill from a distance of 16 meters
L 09/07/2024 - 11:40:28: "Marvin<5><BOT><CT>" killed "Bill<6><BOT><TERRORIST>" with "usp"
L 09/07/2024 - 11:40:29: Frasier have killed Allen from a distance of 3 meters
L 09/07/2024 - 11:40:29: "Frasier<2><BOT><TERRORIST>" killed "Allen<4><BOT><CT>" with "m3"
L 09/07/2024 - 11:40:30: Harvey have killed Frasier from a distance of 5 meters
L 09/07/2024 - 11:40:30: "Harvey<21><BOT><CT>" killed "Frasier<2><BOT><TERRORIST>" with "ump45"
L 09/07/2024 - 11:40:31: Brandon have killed Harvey from a distance of 11 meters
L 09/07/2024 - 11:40:31: "Brandon<12><BOT><TERRORIST>" killed "Harvey<21><BOT><CT>" with "m3"
L 09/07/2024 - 11:40:41: Irving have killed Brandon from a distance of 13 meters
L 09/07/2024 - 11:40:41: "Irving<24><BOT><CT>" killed "Brandon<12><BOT><TERRORIST>" with "m3"
L 09/07/2024 - 11:40:41: @batata doce have killed Yuri from a distance of 23 meters
L 09/07/2024 - 11:40:41: @batata doce killed Yuri with a headshot.
L 09/07/2024 - 11:40:41: "@batata doce<1><STEAM_0:0:57204110><CT>" killed "Yuri<19><BOT><TERRORIST>" with "m4a1"
L 09/07/2024 - 11:40:41: "Yuri<19><BOT><TERRORIST>" triggered "Dropped_The_Bomb"
L 09/07/2024 - 11:40:41: Tim have killed Irving from a distance of 15 meters
L 09/07/2024 - 11:40:41: "Tim<16><BOT><TERRORIST>" killed "Irving<24><BOT><CT>" with "p90"
L 09/07/2024 - 11:40:42: Orin have killed Nick from a distance of 3 meters
L 09/07/2024 - 11:40:42: "Orin<18><BOT><CT>" killed "Nick<25><BOT><TERRORIST>" with "tmp"
L 09/07/2024 - 11:40:44: @batata doce have killed Eugene from a distance of 24 meters
L 09/07/2024 - 11:40:44: "@batata doce<1><STEAM_0:0:57204110><CT>" killed "Eugene<28><BOT><TERRORIST>" with "m4a1"
L 09/07/2024 - 11:40:54: @batata doce have killed Tim from a distance of 21 meters
L 09/07/2024 - 11:40:54: "@batata doce<1><STEAM_0:0:57204110><CT>" killed "Tim<16><BOT><TERRORIST>" with "m4a1"
L 09/07/2024 - 11:40:54: Team "CT" triggered "CTs_Win" (CT "2") (T "2")
L 09/07/2024 - 11:40:54: World triggered "Round_End"
L 09/07/2024 - 11:40:59: "Elmer<10><BOT><TERRORIST>" triggered "Spawned_With_The_Bomb"
L 09/07/2024 - 11:41:03: World triggered "Round_Start"
L 09/07/2024 - 11:41:17: Yuri have killed Norm from a distance of 34 meters
L 09/07/2024 - 11:41:17: "Yuri<19><BOT><TERRORIST>" killed "Norm<15><BOT><CT>" with "mp5navy"
L 09/07/2024 - 11:41:17: @batata doce have killed Yuri from a distance of 70 meters
L 09/07/2024 - 11:41:17: "@batata doce<1><STEAM_0:0:57204110><CT>" killed "Yuri<19><BOT><TERRORIST>" with "ak47"
L 09/07/2024 - 11:41:25: Neil have killed Brandon from a distance of 15 meters
L 09/07/2024 - 11:41:25: "Neil<26><BOT><CT>" killed "Brandon<12><BOT><TERRORIST>" with "ump45"
L 09/07/2024 - 11:41:26: Bill have killed Neil from a distance of 26 meters
L 09/07/2024 - 11:41:26: "Bill<6><BOT><TERRORIST>" killed "Neil<26><BOT><CT>" with "p90"
L 09/07/2024 - 11:41:28: @batata doce have killed Calvin from a distance of 21 meters
L 09/07/2024 - 11:41:28: @batata doce killed Calvin with a headshot.
L 09/07/2024 - 11:41:28: "@batata doce<1><STEAM_0:0:57204110><CT>" killed "Calvin<3><BOT><TERRORIST>" with "ak47"
L 09/07/2024 - 11:41:32: @batata doce have killed Bert from a distance of 19 meters
L 09/07/2024 - 11:41:32: @batata doce killed Bert with a headshot.
L 09/07/2024 - 11:41:32: "@batata doce<1><STEAM_0:0:57204110><CT>" killed "Bert<23><BOT><TERRORIST>" with "ak47"
L 09/07/2024 - 11:41:32: Nick have killed Marvin from a distance of 24 meters
L 09/07/2024 - 11:41:32: "Nick<25><BOT><TERRORIST>" killed "Marvin<5><BOT><CT>" with "galil"
L 09/07/2024 - 11:41:34: @batata doce have killed Tim from a distance of 18 meters
L 09/07/2024 - 11:41:34: @batata doce killed Tim with a headshot.
L 09/07/2024 - 11:41:34: "@batata doce<1><STEAM_0:0:57204110><CT>" killed "Tim<16><BOT><TERRORIST>" with "ak47"
L 09/07/2024 - 11:41:35: @batata doce have killed Nick from a distance of 16 meters
L 09/07/2024 - 11:41:35: @batata doce killed Nick with a headshot.
L 09/07/2024 - 11:41:35: "@batata doce<1><STEAM_0:0:57204110><CT>" killed "Nick<25><BOT><TERRORIST>" with "ak47"
L 09/07/2024 - 11:41:37: Harold have killed Elmer from a distance of 2 meters
L 09/07/2024 - 11:41:37: "Harold<27><BOT><CT>" killed "Elmer<10><BOT><TERRORIST>" with "ump45"
L 09/07/2024 - 11:41:37: "Elmer<10><BOT><TERRORIST>" triggered "Dropped_The_Bomb"
L 09/07/2024 - 11:41:38: Opie have killed Frasier from a distance of 23 meters
L 09/07/2024 - 11:41:38: Opie killed Frasier with a headshot.
L 09/07/2024 - 11:41:38: "Opie<9><BOT><CT>" killed "Frasier<2><BOT><TERRORIST>" with "m4a1"
L 09/07/2024 - 11:41:38: Waldo have killed Harold from a distance of 3 meters
L 09/07/2024 - 11:41:38: Waldo killed Harold with a headshot.
L 09/07/2024 - 11:41:38: "Waldo<17><BOT><TERRORIST>" killed "Harold<27><BOT><CT>" with "glock18"
L 09/07/2024 - 11:41:41: Opie have killed Eugene from a distance of 21 meters
L 09/07/2024 - 11:41:41: Opie killed Eugene with a headshot.
L 09/07/2024 - 11:41:41: "Opie<9><BOT><CT>" killed "Eugene<28><BOT><TERRORIST>" with "m4a1"
L 09/07/2024 - 11:41:41: "Waldo<17><BOT><TERRORIST>" triggered "Got_The_Bomb"
L 09/07/2024 - 11:41:43: @batata doce have killed Lester from a distance of 20 meters
L 09/07/2024 - 11:41:43: "@batata doce<1><STEAM_0:0:57204110><CT>" killed "Lester<22><BOT><TERRORIST>" with "grenade"
L 09/07/2024 - 11:41:51: Waldo have killed Allen from a distance of 23 meters
L 09/07/2024 - 11:41:51: "Waldo<17><BOT><TERRORIST>" killed "Allen<4><BOT><CT>" with "ump45"
L 09/07/2024 - 11:41:53: Bill have killed Martin from a distance of 34 meters
L 09/07/2024 - 11:41:53: Bill killed Martin with a headshot.
L 09/07/2024 - 11:41:53: "Bill<6><BOT><TERRORIST>" killed "Martin<8><BOT><CT>" with "p90"
L 09/07/2024 - 11:41:54: Irving have killed Toby from a distance of 30 meters
L 09/07/2024 - 11:41:54: "Irving<24><BOT><CT>" killed "Toby<7><BOT><TERRORIST>" with "mp5navy"
L 09/07/2024 - 11:41:57: Wyatt have killed Bob from a distance of 16 meters
L 09/07/2024 - 11:41:57: "Wyatt<20><BOT><CT>" killed "Bob<13><BOT><TERRORIST>" with "tmp"
L 09/07/2024 - 11:42:01: "Waldo<17><BOT><TERRORIST>" triggered "Planted_The_Bomb"
L 09/07/2024 - 11:42:06: Wyatt have killed Bill from a distance of 14 meters
L 09/07/2024 - 11:42:06: Wyatt killed Bill with a headshot.
L 09/07/2024 - 11:42:06: "Wyatt<20><BOT><CT>" killed "Bill<6><BOT><TERRORIST>" with "tmp"
L 09/07/2024 - 11:42:12: Irving have killed Waldo from a distance of 22 meters
L 09/07/2024 - 11:42:12: "Irving<24><BOT><CT>" killed "Waldo<17><BOT><TERRORIST>" with "mp5navy"
L 09/07/2024 - 11:42:31: "@batata doce<1><STEAM_0:0:57204110><CT>" triggered "Begin_Bomb_Defuse_With_Kit"
L 09/07/2024 - 11:42:36: "@batata doce<1><STEAM_0:0:57204110><CT>" triggered "Defused_The_Bomb"
L 09/07/2024 - 11:42:36: Team "CT" triggered "Bomb_Defused" (CT "3") (T "2")
L 09/07/2024 - 11:42:36: World triggered "Round_End"
L 09/07/2024 - 11:42:41: "Brandon<12><BOT><TERRORIST>" triggered "Spawned_With_The_Bomb"
L 09/07/2024 - 11:42:45: World triggered "Round_Start"
L 09/07/2024 - 11:43:00: Irving have killed Elmer from a distance of 10 meters
L 09/07/2024 - 11:43:00: "Irving<24><BOT><CT>" killed "Elmer<10><BOT><TERRORIST>" with "mp5navy"
L 09/07/2024 - 11:43:08: Harold have killed Eugene from a distance of 28 meters
L 09/07/2024 - 11:43:08: Harold killed Eugene with a headshot.
L 09/07/2024 - 11:43:08: "Harold<27><BOT><CT>" killed "Eugene<28><BOT><TERRORIST>" with "famas"
L 09/07/2024 - 11:43:08: Allen have killed Yuri from a distance of 16 meters
L 09/07/2024 - 11:43:08: Allen killed Yuri with a headshot.
L 09/07/2024 - 11:43:08: "Allen<4><BOT><CT>" killed "Yuri<19><BOT><TERRORIST>" with "famas"
L 09/07/2024 - 11:43:09: Nick have killed Irving from a distance of 15 meters
L 09/07/2024 - 11:43:09: "Nick<25><BOT><TERRORIST>" killed "Irving<24><BOT><CT>" with "ump45"
L 09/07/2024 - 11:43:14: Norm have killed Nick from a distance of 10 meters
L 09/07/2024 - 11:43:14: "Norm<15><BOT><CT>" killed "Nick<25><BOT><TERRORIST>" with "p90"
L 09/07/2024 - 11:43:16: Norm have killed Bob from a distance of 12 meters
L 09/07/2024 - 11:43:16: "Norm<15><BOT><CT>" killed "Bob<13><BOT><TERRORIST>" with "p90"
L 09/07/2024 - 11:43:18: Norm have killed Bill from a distance of 14 meters
L 09/07/2024 - 11:43:18: "Norm<15><BOT><CT>" killed "Bill<6><BOT><TERRORIST>" with "p90"
L 09/07/2024 - 11:43:19: Martin have killed Waldo from a distance of 15 meters
L 09/07/2024 - 11:43:19: "Martin<8><BOT><CT>" killed "Waldo<17><BOT><TERRORIST>" with "famas"
L 09/07/2024 - 11:43:21: Brandon have killed Wyatt from a distance of 16 meters
L 09/07/2024 - 11:43:21: "Brandon<12><BOT><TERRORIST>" killed "Wyatt<20><BOT><CT>" with "ump45"
L 09/07/2024 - 11:43:23: Brandon have killed Marvin from a distance of 21 meters
L 09/07/2024 - 11:43:23: Brandon killed Marvin with a headshot.
L 09/07/2024 - 11:43:23: "Brandon<12><BOT><TERRORIST>" killed "Marvin<5><BOT><CT>" with "ump45"
L 09/07/2024 - 11:43:26: @batata doce have killed Toby from a distance of 47 meters
L 09/07/2024 - 11:43:26: @batata doce killed Toby with a headshot.
L 09/07/2024 - 11:43:26: "@batata doce<1><STEAM_0:0:57204110><CT>" killed "Toby<7><BOT><TERRORIST>" with "ak47"
L 09/07/2024 - 11:43:28: @batata doce have killed Bert from a distance of 38 meters
L 09/07/2024 - 11:43:28: @batata doce killed Bert with a headshot.
L 09/07/2024 - 11:43:28: "@batata doce<1><STEAM_0:0:57204110><CT>" killed "Bert<23><BOT><TERRORIST>" with "ak47"
L 09/07/2024 - 11:43:29: @batata doce have killed Tim from a distance of 24 meters
L 09/07/2024 - 11:43:29: "@batata doce<1><STEAM_0:0:57204110><CT>" killed "Tim<16><BOT><TERRORIST>" with "ak47"
L 09/07/2024 - 11:43:36: Martin have killed Brandon from a distance of 26 meters
L 09/07/2024 - 11:43:36: "Martin<8><BOT><CT>" killed "Brandon<12><BOT><TERRORIST>" with "famas"
L 09/07/2024 - 11:43:36: "Brandon<12><BOT><TERRORIST>" triggered "Dropped_The_Bomb"
L 09/07/2024 - 11:43:38: Calvin have killed Martin from a distance of 26 meters
L 09/07/2024 - 11:43:38: Calvin killed Martin with a headshot.
L 09/07/2024 - 11:43:38: "Calvin<3><BOT><TERRORIST>" killed "Martin<8><BOT><CT>" with "p90"
L 09/07/2024 - 11:43:39: Opie have killed Lester from a distance of 25 meters
L 09/07/2024 - 11:43:39: "Opie<9><BOT><CT>" killed "Lester<22><BOT><TERRORIST>" with "m4a1"
L 09/07/2024 - 11:43:49: Calvin have killed Allen from a distance of 10 meters
L 09/07/2024 - 11:43:49: Calvin killed Allen with a headshot.
L 09/07/2024 - 11:43:49: "Calvin<3><BOT><TERRORIST>" killed "Allen<4><BOT><CT>" with "p90"
L 09/07/2024 - 11:43:52: "Calvin<3><BOT><TERRORIST>" triggered "Got_The_Bomb"
L 09/07/2024 - 11:43:55: @batata doce have killed Frasier from a distance of 20 meters
L 09/07/2024 - 11:43:55: "@batata doce<1><STEAM_0:0:57204110><CT>" killed "Frasier<2><BOT><TERRORIST>" with "ak47"
L 09/07/2024 - 11:43:58: @batata doce have killed Calvin from a distance of 12 meters
L 09/07/2024 - 11:43:58: "@batata doce<1><STEAM_0:0:57204110><CT>" killed "Calvin<3><BOT><TERRORIST>" with "ak47"
L 09/07/2024 - 11:43:58: Team "CT" triggered "CTs_Win" (CT "4") (T "2")
L 09/07/2024 - 11:43:58: World triggered "Round_End"
L 09/07/2024 - 11:44:03: "Bob<13><BOT><TERRORIST>" triggered "Spawned_With_The_Bomb"
L 09/07/2024 - 11:44:07: World triggered "Round_Start"
L 09/07/2024 - 11:44:26: @batata doce have killed Frasier from a distance of 40 meters
L 09/07/2024 - 11:44:26: "@batata doce<1><STEAM_0:0:57204110><CT>" killed "Frasier<2><BOT><TERRORIST>" with "ak47"
L 09/07/2024 - 11:44:33: Nick have killed Harold from a distance of 35 meters
L 09/07/2024 - 11:44:33: Nick killed Harold with a headshot.
L 09/07/2024 - 11:44:33: "Nick<25><BOT><TERRORIST>" killed "Harold<27><BOT><CT>" with "mac10"
L 09/07/2024 - 11:44:33: @batata doce have killed Nick from a distance of 36 meters
L 09/07/2024 - 11:44:33: "@batata doce<1><STEAM_0:0:57204110><CT>" killed "Nick<25><BOT><TERRORIST>" with "ak47"
L 09/07/2024 - 11:44:34: Toby have killed @batata doce from a distance of 47 meters
L 09/07/2024 - 11:44:34: "Toby<7><BOT><TERRORIST>" killed "@batata doce<1><STEAM_0:0:57204110><CT>" with "mp5navy"
L 09/07/2024 - 11:44:38: Log file closed
