L 09/07/2024 - 12:19:07: Log file started (file "logs\L0907004.log") (game "cstrike") (version "48/1.1.2.6/2.0.0.0/4554")
L 09/07/2024 - 12:19:07: "Opie<120><BOT><>" entered the game
L 09/07/2024 - 12:19:08: "Bob<121><BOT><>" joined team "TERRORIST"
L 09/07/2024 - 12:19:08: "Bob<121><BOT><>" entered the game
L 09/07/2024 - 12:19:08: "Harold<122><BOT><>" joined team "CT"
L 09/07/2024 - 12:19:08: "Harold<122><BOT><>" entered the game
L 09/07/2024 - 12:19:08: "Toby<123><BOT><>" joined team "TERRORIST"
L 09/07/2024 - 12:19:08: "Toby<123><BOT><>" entered the game
L 09/07/2024 - 12:19:08: "Frank<124><BOT><>" joined team "CT"
L 09/07/2024 - 12:19:08: "Neil<114><BOT><TERRORIST>" triggered "Spawned_With_The_Bomb"
L 09/07/2024 - 12:19:09: "Frank<124><BOT><>" entered the game
L 09/07/2024 - 12:19:09: "Walt<125><BOT><>" joined team "TERRORIST"
L 09/07/2024 - 12:19:09: "Walt<125><BOT><>" entered the game
L 09/07/2024 - 12:19:09: "Dustin<126><BOT><>" joined team "CT"
L 09/07/2024 - 12:19:09: "Dustin<126><BOT><>" entered the game
L 09/07/2024 - 12:19:09: "Tim<127><BOT><>" joined team "CT"
L 09/07/2024 - 12:19:09: "Tim<127><BOT><>" entered the game
L 09/07/2024 - 12:19:10: "Will<128><BOT><>" joined team "TERRORIST"
L 09/07/2024 - 12:19:10: "Will<128><BOT><>" entered the game
L 09/07/2024 - 12:19:10: "Norm<129><BOT><>" joined team "TERRORIST"
L 09/07/2024 - 12:19:10: "Norm<129><BOT><>" entered the game
L 09/07/2024 - 12:19:10: "Frasier<130><BOT><>" joined team "CT"
L 09/07/2024 - 12:19:10: "Frasier<130><BOT><>" entered the game
L 09/07/2024 - 12:19:11: "Ethan<131><BOT><>" joined team "CT"
L 09/07/2024 - 12:19:11: "Ethan<131><BOT><>" entered the game
L 09/07/2024 - 12:19:11: "Uri<132><BOT><>" joined team "TERRORIST"
L 09/07/2024 - 12:19:11: "Uri<132><BOT><>" entered the game
L 09/07/2024 - 12:19:11: "Ernie<133><BOT><>" joined team "TERRORIST"
L 09/07/2024 - 12:19:11: "Ernie<133><BOT><>" entered the game
L 09/07/2024 - 12:19:11: "Ulysses<134><BOT><>" joined team "CT"
L 09/07/2024 - 12:19:12: "Ulysses<134><BOT><>" entered the game
L 09/07/2024 - 12:19:12: "Jason<135><BOT><>" joined team "CT"
L 09/07/2024 - 12:19:12: "Jason<135><BOT><>" entered the game
L 09/07/2024 - 12:19:12: "Yanni<136><BOT><>" joined team "TERRORIST"
L 09/07/2024 - 12:19:12: "Yanni<136><BOT><>" entered the game
L 09/07/2024 - 12:19:12: "Bill<137><BOT><>" joined team "TERRORIST"
L 09/07/2024 - 12:19:12: "Bill<137><BOT><>" entered the game
L 09/07/2024 - 12:19:12: World triggered "Round_Start"
L 09/07/2024 - 12:19:13: "Harvey<138><BOT><>" joined team "CT"
L 09/07/2024 - 12:19:13: "Harvey<138><BOT><>" entered the game
L 09/07/2024 - 12:19:13: "Elmer<139><BOT><>" joined team "TERRORIST"
L 09/07/2024 - 12:19:13: "Elmer<139><BOT><>" entered the game
L 09/07/2024 - 12:19:13: "Dean<140><BOT><>" joined team "CT"
L 09/07/2024 - 12:19:13: "Dean<140><BOT><>" entered the game
L 09/07/2024 - 12:19:22: Pat have killed Harold from a distance of 37 meters
L 09/07/2024 - 12:19:22: Pat killed Harold with a headshot.
L 09/07/2024 - 12:19:22: "Pat<116><BOT><TERRORIST>" killed "Harold<122><BOT><CT>" with "ak47"
L 09/07/2024 - 12:19:23: Pat have killed Ferris from a distance of 29 meters
L 09/07/2024 - 12:19:23: Pat killed Ferris with a headshot.
L 09/07/2024 - 12:19:23: "Pat<116><BOT><TERRORIST>" killed "Ferris<118><BOT><CT>" with "ak47"
L 09/07/2024 - 12:19:25: Tim have killed Norm from a distance of 92 meters
L 09/07/2024 - 12:19:25: Tim killed Norm with a headshot.
L 09/07/2024 - 12:19:25: "Tim<127><BOT><CT>" killed "Norm<129><BOT><TERRORIST>" with "scout"
L 09/07/2024 - 12:19:27: Will have killed Ulysses from a distance of 43 meters
L 09/07/2024 - 12:19:27: "Will<128><BOT><TERRORIST>" killed "Ulysses<134><BOT><CT>" with "galil"
L 09/07/2024 - 12:19:31: @batata doce have killed Walt from a distance of 27 meters
L 09/07/2024 - 12:19:31: @batata doce killed Walt with a headshot.
L 09/07/2024 - 12:19:31: "@batata doce<113><STEAM_0:0:57204110><CT>" killed "Walt<125><BOT><TERRORIST>" with "m4a1"
L 09/07/2024 - 12:19:34: @batata doce have killed Ernie from a distance of 30 meters
L 09/07/2024 - 12:19:34: @batata doce killed Ernie with a headshot.
L 09/07/2024 - 12:19:34: "@batata doce<113><STEAM_0:0:57204110><CT>" killed "Ernie<133><BOT><TERRORIST>" with "m4a1"
L 09/07/2024 - 12:19:38: Henry have killed Yanni from a distance of 5 meters
L 09/07/2024 - 12:19:38: Henry killed Yanni with a headshot.
L 09/07/2024 - 12:19:38: "Henry<115><BOT><CT>" killed "Yanni<136><BOT><TERRORIST>" with "m4a1"
L 09/07/2024 - 12:19:40: Henry have killed Uri from a distance of 9 meters
L 09/07/2024 - 12:19:40: "Henry<115><BOT><CT>" killed "Uri<132><BOT><TERRORIST>" with "m4a1"
L 09/07/2024 - 12:19:41: @batata doce have killed Pat from a distance of 37 meters
L 09/07/2024 - 12:19:41: @batata doce killed Pat with a headshot.
L 09/07/2024 - 12:19:41: "@batata doce<113><STEAM_0:0:57204110><CT>" killed "Pat<116><BOT><TERRORIST>" with "m4a1"
L 09/07/2024 - 12:19:42: Dustin have killed Elmer from a distance of 23 meters
L 09/07/2024 - 12:19:42: "Dustin<126><BOT><CT>" killed "Elmer<139><BOT><TERRORIST>" with "famas"
L 09/07/2024 - 12:19:45: "Neil<114><BOT><TERRORIST>" triggered "Planted_The_Bomb"
L 09/07/2024 - 12:19:46: Alfred have killed Henry from a distance of 13 meters
L 09/07/2024 - 12:19:46: "Alfred<117><BOT><TERRORIST>" killed "Henry<115><BOT><CT>" with "ak47"
L 09/07/2024 - 12:19:52: @batata doce have killed Neil from a distance of 34 meters
L 09/07/2024 - 12:19:52: @batata doce killed Neil with a headshot.
L 09/07/2024 - 12:19:52: "@batata doce<113><STEAM_0:0:57204110><CT>" killed "Neil<114><BOT><TERRORIST>" with "m4a1"
L 09/07/2024 - 12:19:54: @batata doce have killed Bob from a distance of 40 meters
L 09/07/2024 - 12:19:54: "@batata doce<113><STEAM_0:0:57204110><CT>" killed "Bob<121><BOT><TERRORIST>" with "m4a1"
L 09/07/2024 - 12:19:58: Graham have killed Alfred from a distance of 4 meters
L 09/07/2024 - 12:19:58: "Graham<119><BOT><CT>" killed "Alfred<117><BOT><TERRORIST>" with "m4a1"
L 09/07/2024 - 12:20:05: @batata doce have killed Opie from a distance of 31 meters
L 09/07/2024 - 12:20:05: @batata doce killed Opie with a headshot.
L 09/07/2024 - 12:20:05: "@batata doce<113><STEAM_0:0:57204110><CT>" killed "Opie<120><BOT><TERRORIST>" with "m4a1"
L 09/07/2024 - 12:20:07: "@batata doce<113><STEAM_0:0:57204110><CT>" triggered "Begin_Bomb_Defuse_Without_Kit"
L 09/07/2024 - 12:20:15: Frasier have killed Bill from a distance of 36 meters
L 09/07/2024 - 12:20:15: "Frasier<130><BOT><CT>" killed "Bill<137><BOT><TERRORIST>" with "scout"
L 09/07/2024 - 12:20:17: "@batata doce<113><STEAM_0:0:57204110><CT>" triggered "Defused_The_Bomb"
L 09/07/2024 - 12:20:17: Team "CT" triggered "Bomb_Defused" (CT "1") (T "0")
L 09/07/2024 - 12:20:17: World triggered "Round_End"
L 09/07/2024 - 12:20:22: "Pat<116><BOT><TERRORIST>" triggered "Spawned_With_The_Bomb"
L 09/07/2024 - 12:20:26: World triggered "Round_Start"
L 09/07/2024 - 12:20:42: Walt have killed Graham from a distance of 13 meters
L 09/07/2024 - 12:20:42: "Walt<125><BOT><TERRORIST>" killed "Graham<119><BOT><CT>" with "m3"
L 09/07/2024 - 12:20:43: Ferris have killed Walt from a distance of 15 meters
L 09/07/2024 - 12:20:43: "Ferris<118><BOT><CT>" killed "Walt<125><BOT><TERRORIST>" with "famas"
L 09/07/2024 - 12:20:44: Yanni have killed Tim from a distance of 13 meters
L 09/07/2024 - 12:20:44: "Yanni<136><BOT><TERRORIST>" killed "Tim<127><BOT><CT>" with "p90"
L 09/07/2024 - 12:20:45: Ferris have killed Bob from a distance of 16 meters
L 09/07/2024 - 12:20:45: "Ferris<118><BOT><CT>" killed "Bob<121><BOT><TERRORIST>" with "famas"
L 09/07/2024 - 12:20:46: Jason have killed Yanni from a distance of 14 meters
L 09/07/2024 - 12:20:46: "Jason<135><BOT><CT>" killed "Yanni<136><BOT><TERRORIST>" with "ump45"
L 09/07/2024 - 12:20:48: Elmer have killed Ulysses from a distance of 10 meters
L 09/07/2024 - 12:20:48: "Elmer<139><BOT><TERRORIST>" killed "Ulysses<134><BOT><CT>" with "galil"
L 09/07/2024 - 12:20:49: Will have killed Ferris from a distance of 17 meters
L 09/07/2024 - 12:20:49: Will killed Ferris with a headshot.
L 09/07/2024 - 12:20:49: "Will<128><BOT><TERRORIST>" killed "Ferris<118><BOT><CT>" with "galil"
L 09/07/2024 - 12:20:49: Harvey have killed Will from a distance of 21 meters
L 09/07/2024 - 12:20:49: Harvey killed Will with a headshot.
L 09/07/2024 - 12:20:49: "Harvey<138><BOT><CT>" killed "Will<128><BOT><TERRORIST>" with "mp5navy"
L 09/07/2024 - 12:20:51: @batata doce have killed Opie from a distance of 26 meters
L 09/07/2024 - 12:20:51: @batata doce killed Opie with a headshot.
L 09/07/2024 - 12:20:51: "@batata doce<113><STEAM_0:0:57204110><CT>" killed "Opie<120><BOT><TERRORIST>" with "m4a1"
L 09/07/2024 - 12:20:54: Henry have killed Elmer from a distance of 10 meters
L 09/07/2024 - 12:20:54: "Henry<115><BOT><CT>" killed "Elmer<139><BOT><TERRORIST>" with "tmp"
L 09/07/2024 - 12:20:54: Dustin have killed Bill from a distance of 18 meters
L 09/07/2024 - 12:20:54: "Dustin<126><BOT><CT>" killed "Bill<137><BOT><TERRORIST>" with "famas"
L 09/07/2024 - 12:21:01: Harold have killed Neil from a distance of 31 meters
L 09/07/2024 - 12:21:01: "Harold<122><BOT><CT>" killed "Neil<114><BOT><TERRORIST>" with "fiveseven"
L 09/07/2024 - 12:21:02: Pat have killed Dustin from a distance of 27 meters
L 09/07/2024 - 12:21:02: Pat killed Dustin with a headshot.
L 09/07/2024 - 12:21:02: "Pat<116><BOT><TERRORIST>" killed "Dustin<126><BOT><CT>" with "ak47"
L 09/07/2024 - 12:21:04: Harvey have killed Pat from a distance of 20 meters
L 09/07/2024 - 12:21:04: "Harvey<138><BOT><CT>" killed "Pat<116><BOT><TERRORIST>" with "mp5navy"
L 09/07/2024 - 12:21:04: "Pat<116><BOT><TERRORIST>" triggered "Dropped_The_Bomb"
L 09/07/2024 - 12:21:10: Norm have killed Henry from a distance of 2 meters
L 09/07/2024 - 12:21:10: "Norm<129><BOT><TERRORIST>" killed "Henry<115><BOT><CT>" with "m3"
L 09/07/2024 - 12:21:14: @batata doce have killed Uri from a distance of 38 meters
L 09/07/2024 - 12:21:14: @batata doce killed Uri with a headshot.
L 09/07/2024 - 12:21:14: "@batata doce<113><STEAM_0:0:57204110><CT>" killed "Uri<132><BOT><TERRORIST>" with "m4a1"
L 09/07/2024 - 12:21:15: @batata doce have killed Norm from a distance of 34 meters
L 09/07/2024 - 12:21:15: @batata doce killed Norm with a headshot.
L 09/07/2024 - 12:21:15: "@batata doce<113><STEAM_0:0:57204110><CT>" killed "Norm<129><BOT><TERRORIST>" with "m4a1"
L 09/07/2024 - 12:21:22: Alfred have killed Harvey from a distance of 12 meters
L 09/07/2024 - 12:21:22: Alfred killed Harvey with a headshot.
L 09/07/2024 - 12:21:22: "Alfred<117><BOT><TERRORIST>" killed "Harvey<138><BOT><CT>" with "galil"
L 09/07/2024 - 12:21:24: @batata doce have killed Toby from a distance of 19 meters
L 09/07/2024 - 12:21:24: @batata doce killed Toby with a headshot.
L 09/07/2024 - 12:21:24: "@batata doce<113><STEAM_0:0:57204110><CT>" killed "Toby<123><BOT><TERRORIST>" with "m4a1"
L 09/07/2024 - 12:21:24: Ernie have killed Dean from a distance of 27 meters
L 09/07/2024 - 12:21:24: Ernie killed Dean with a headshot.
L 09/07/2024 - 12:21:24: "Ernie<133><BOT><TERRORIST>" killed "Dean<140><BOT><CT>" with "mac10"
L 09/07/2024 - 12:21:33: "Ernie<133><BOT><TERRORIST>" triggered "Got_The_Bomb"
L 09/07/2024 - 12:21:36: @batata doce have killed Ernie from a distance of 27 meters
L 09/07/2024 - 12:21:36: @batata doce killed Ernie with a headshot.
L 09/07/2024 - 12:21:36: "@batata doce<113><STEAM_0:0:57204110><CT>" killed "Ernie<133><BOT><TERRORIST>" with "m4a1"
L 09/07/2024 - 12:21:36: "Ernie<133><BOT><TERRORIST>" triggered "Dropped_The_Bomb"
L 09/07/2024 - 12:21:45: @batata doce have killed Alfred from a distance of 32 meters
L 09/07/2024 - 12:21:45: @batata doce killed Alfred with a headshot.
L 09/07/2024 - 12:21:45: "@batata doce<113><STEAM_0:0:57204110><CT>" killed "Alfred<117><BOT><TERRORIST>" with "m4a1"
L 09/07/2024 - 12:21:45: Team "CT" triggered "CTs_Win" (CT "2") (T "0")
L 09/07/2024 - 12:21:45: World triggered "Round_End"
L 09/07/2024 - 12:21:50: "Alfred<117><BOT><TERRORIST>" triggered "Spawned_With_The_Bomb"
L 09/07/2024 - 12:21:54: World triggered "Round_Start"
L 09/07/2024 - 12:22:19: Henry have killed Elmer from a distance of 5 meters
L 09/07/2024 - 12:22:19: "Henry<115><BOT><CT>" killed "Elmer<139><BOT><TERRORIST>" with "mp5navy"
L 09/07/2024 - 12:22:20: Frasier have killed Neil from a distance of 31 meters
L 09/07/2024 - 12:22:20: "Frasier<130><BOT><CT>" killed "Neil<114><BOT><TERRORIST>" with "deagle"
L 09/07/2024 - 12:22:21: Tim have killed Alfred from a distance of 34 meters
L 09/07/2024 - 12:22:21: "Tim<127><BOT><CT>" killed "Alfred<117><BOT><TERRORIST>" with "p90"
L 09/07/2024 - 12:22:21: "Alfred<117><BOT><TERRORIST>" triggered "Dropped_The_Bomb"
L 09/07/2024 - 12:22:23: Ferris have killed Bob from a distance of 35 meters
L 09/07/2024 - 12:22:23: Ferris killed Bob with a headshot.
L 09/07/2024 - 12:22:23: "Ferris<118><BOT><CT>" killed "Bob<121><BOT><TERRORIST>" with "m4a1"
L 09/07/2024 - 12:22:23: Bill have killed Harvey from a distance of 37 meters
L 09/07/2024 - 12:22:23: Bill killed Harvey with a headshot.
L 09/07/2024 - 12:22:23: "Bill<137><BOT><TERRORIST>" killed "Harvey<138><BOT><CT>" with "ump45"
L 09/07/2024 - 12:22:25: Pat have killed Henry from a distance of 10 meters
L 09/07/2024 - 12:22:25: "Pat<116><BOT><TERRORIST>" killed "Henry<115><BOT><CT>" with "galil"
L 09/07/2024 - 12:22:25: Dean have killed Ernie from a distance of 31 meters
L 09/07/2024 - 12:22:25: Dean killed Ernie with a headshot.
L 09/07/2024 - 12:22:25: "Dean<140><BOT><CT>" killed "Ernie<133><BOT><TERRORIST>" with "aug"
L 09/07/2024 - 12:22:28: Harold have killed Toby from a distance of 18 meters
L 09/07/2024 - 12:22:28: "Harold<122><BOT><CT>" killed "Toby<123><BOT><TERRORIST>" with "fiveseven"
L 09/07/2024 - 12:22:29: Bill have killed Harold from a distance of 15 meters
L 09/07/2024 - 12:22:29: Bill killed Harold with a headshot.
L 09/07/2024 - 12:22:29: "Bill<137><BOT><TERRORIST>" killed "Harold<122><BOT><CT>" with "ump45"
L 09/07/2024 - 12:22:31: "Bill<137><BOT><TERRORIST>" triggered "Got_The_Bomb"
L 09/07/2024 - 12:22:37: Jason have killed Pat from a distance of 17 meters
L 09/07/2024 - 12:22:37: "Jason<135><BOT><CT>" killed "Pat<116><BOT><TERRORIST>" with "ump45"
L 09/07/2024 - 12:22:37: Bill have killed Ethan from a distance of 25 meters
L 09/07/2024 - 12:22:37: "Bill<137><BOT><TERRORIST>" killed "Ethan<131><BOT><CT>" with "ump45"
L 09/07/2024 - 12:22:39: Dustin have killed Bill from a distance of 21 meters
L 09/07/2024 - 12:22:39: "Dustin<126><BOT><CT>" killed "Bill<137><BOT><TERRORIST>" with "m3"
L 09/07/2024 - 12:22:39: "Bill<137><BOT><TERRORIST>" triggered "Dropped_The_Bomb"
L 09/07/2024 - 12:22:40: Walt have killed Dustin from a distance of 37 meters
L 09/07/2024 - 12:22:40: "Walt<125><BOT><TERRORIST>" killed "Dustin<126><BOT><CT>" with "ak47"
L 09/07/2024 - 12:22:44: "Will<128><BOT><TERRORIST>" triggered "Got_The_Bomb"
L 09/07/2024 - 12:22:49: @batata doce have killed Yanni from a distance of 44 meters
L 09/07/2024 - 12:22:49: @batata doce killed Yanni with a headshot.
L 09/07/2024 - 12:22:49: "@batata doce<113><STEAM_0:0:57204110><CT>" killed "Yanni<136><BOT><TERRORIST>" with "m4a1"
L 09/07/2024 - 12:22:51: @batata doce have killed Norm from a distance of 48 meters
L 09/07/2024 - 12:22:51: @batata doce killed Norm with a headshot.
L 09/07/2024 - 12:22:51: "@batata doce<113><STEAM_0:0:57204110><CT>" killed "Norm<129><BOT><TERRORIST>" with "m4a1"
L 09/07/2024 - 12:22:57: Tim have killed Opie from a distance of 22 meters
L 09/07/2024 - 12:22:57: "Tim<127><BOT><CT>" killed "Opie<120><BOT><TERRORIST>" with "p90"
L 09/07/2024 - 12:23:02: @batata doce have killed Will from a distance of 11 meters
L 09/07/2024 - 12:23:02: @batata doce killed Will with a headshot.
L 09/07/2024 - 12:23:02: "@batata doce<113><STEAM_0:0:57204110><CT>" killed "Will<128><BOT><TERRORIST>" with "m4a1"
L 09/07/2024 - 12:23:02: "Will<128><BOT><TERRORIST>" triggered "Dropped_The_Bomb"
L 09/07/2024 - 12:23:09: Ulysses have killed Uri from a distance of 21 meters
L 09/07/2024 - 12:23:09: "Ulysses<134><BOT><CT>" killed "Uri<132><BOT><TERRORIST>" with "xm1014"
L 09/07/2024 - 12:23:16: "Walt<125><BOT><TERRORIST>" triggered "Got_The_Bomb"
L 09/07/2024 - 12:23:18: @batata doce have killed Walt from a distance of 12 meters
L 09/07/2024 - 12:23:18: "@batata doce<113><STEAM_0:0:57204110><CT>" killed "Walt<125><BOT><TERRORIST>" with "m4a1"
L 09/07/2024 - 12:23:18: Team "CT" triggered "CTs_Win" (CT "3") (T "0")
L 09/07/2024 - 12:23:18: World triggered "Round_End"
L 09/07/2024 - 12:23:23: "Opie<120><BOT><TERRORIST>" triggered "Spawned_With_The_Bomb"
L 09/07/2024 - 12:23:27: World triggered "Round_Start"
L 09/07/2024 - 12:23:50: Henry have killed Bob from a distance of 14 meters
L 09/07/2024 - 12:23:50: "Henry<115><BOT><CT>" killed "Bob<121><BOT><TERRORIST>" with "xm1014"
L 09/07/2024 - 12:23:50: Alfred have killed Henry from a distance of 28 meters
L 09/07/2024 - 12:23:50: "Alfred<117><BOT><TERRORIST>" killed "Henry<115><BOT><CT>" with "ak47"
L 09/07/2024 - 12:23:51: @batata doce have killed Uri from a distance of 18 meters
L 09/07/2024 - 12:23:51: @batata doce killed Uri with a headshot.
L 09/07/2024 - 12:23:51: "@batata doce<113><STEAM_0:0:57204110><CT>" killed "Uri<132><BOT><TERRORIST>" with "ak47"
L 09/07/2024 - 12:23:52: @batata doce have killed Yanni from a distance of 21 meters
L 09/07/2024 - 12:23:52: @batata doce killed Yanni with a headshot.
L 09/07/2024 - 12:23:52: "@batata doce<113><STEAM_0:0:57204110><CT>" killed "Yanni<136><BOT><TERRORIST>" with "ak47"
L 09/07/2024 - 12:23:56: Ethan have killed Ernie from a distance of 16 meters
L 09/07/2024 - 12:23:56: Ethan killed Ernie with a headshot.
L 09/07/2024 - 12:23:56: "Ethan<131><BOT><CT>" killed "Ernie<133><BOT><TERRORIST>" with "m249"
L 09/07/2024 - 12:23:56: @batata doce have killed Elmer from a distance of 15 meters
L 09/07/2024 - 12:23:56: @batata doce killed Elmer with a headshot.
L 09/07/2024 - 12:23:56: "@batata doce<113><STEAM_0:0:57204110><CT>" killed "Elmer<139><BOT><TERRORIST>" with "ak47"
L 09/07/2024 - 12:23:57: @batata doce have killed Toby from a distance of 17 meters
L 09/07/2024 - 12:23:57: @batata doce killed Toby with a headshot.
L 09/07/2024 - 12:23:57: "@batata doce<113><STEAM_0:0:57204110><CT>" killed "Toby<123><BOT><TERRORIST>" with "ak47"
L 09/07/2024 - 12:23:58: Bill have killed Frank from a distance of 25 meters
L 09/07/2024 - 12:23:58: Bill killed Frank with a headshot.
L 09/07/2024 - 12:23:58: "Bill<137><BOT><TERRORIST>" killed "Frank<124><BOT><CT>" with "m3"
L 09/07/2024 - 12:23:59: @batata doce have killed Neil from a distance of 20 meters
L 09/07/2024 - 12:23:59: @batata doce killed Neil with a headshot.
L 09/07/2024 - 12:23:59: "@batata doce<113><STEAM_0:0:57204110><CT>" killed "Neil<114><BOT><TERRORIST>" with "ak47"
L 09/07/2024 - 12:24:02: Ferris have killed Bill from a distance of 21 meters
L 09/07/2024 - 12:24:02: "Ferris<118><BOT><CT>" killed "Bill<137><BOT><TERRORIST>" with "m4a1"
L 09/07/2024 - 12:24:18: @batata doce have killed Norm from a distance of 9 meters
L 09/07/2024 - 12:24:18: @batata doce killed Norm with a headshot.
L 09/07/2024 - 12:24:18: "@batata doce<113><STEAM_0:0:57204110><CT>" killed "Norm<129><BOT><TERRORIST>" with "ak47"
L 09/07/2024 - 12:24:34: Graham have killed Opie from a distance of 13 meters
L 09/07/2024 - 12:24:34: "Graham<119><BOT><CT>" killed "Opie<120><BOT><TERRORIST>" with "aug"
L 09/07/2024 - 12:24:34: "Opie<120><BOT><TERRORIST>" triggered "Dropped_The_Bomb"
L 09/07/2024 - 12:24:38: Will have killed Graham from a distance of 10 meters
L 09/07/2024 - 12:24:38: Will killed Graham with a headshot.
L 09/07/2024 - 12:24:38: "Will<128><BOT><TERRORIST>" killed "Graham<119><BOT><CT>" with "p90"
L 09/07/2024 - 12:24:45: "Walt<125><BOT><TERRORIST>" triggered "Got_The_Bomb"
L 09/07/2024 - 12:24:47: @batata doce have killed Will from a distance of 36 meters
L 09/07/2024 - 12:24:47: @batata doce killed Will with a headshot.
L 09/07/2024 - 12:24:47: "@batata doce<113><STEAM_0:0:57204110><CT>" killed "Will<128><BOT><TERRORIST>" with "ak47"
L 09/07/2024 - 12:24:51: @batata doce have killed Pat from a distance of 51 meters
L 09/07/2024 - 12:24:51: @batata doce killed Pat with a headshot.
L 09/07/2024 - 12:24:51: "@batata doce<113><STEAM_0:0:57204110><CT>" killed "Pat<116><BOT><TERRORIST>" with "ak47"
L 09/07/2024 - 12:24:59: @batata doce have killed Walt from a distance of 7 meters
L 09/07/2024 - 12:24:59: @batata doce killed Walt with a headshot.
L 09/07/2024 - 12:24:59: "@batata doce<113><STEAM_0:0:57204110><CT>" killed "Walt<125><BOT><TERRORIST>" with "deagle"
L 09/07/2024 - 12:24:59: "Walt<125><BOT><TERRORIST>" triggered "Dropped_The_Bomb"
L 09/07/2024 - 12:25:02: @batata doce have killed Alfred from a distance of 11 meters
L 09/07/2024 - 12:25:02: "@batata doce<113><STEAM_0:0:57204110><CT>" killed "Alfred<117><BOT><TERRORIST>" with "deagle"
L 09/07/2024 - 12:25:02: Team "CT" triggered "CTs_Win" (CT "4") (T "0")
L 09/07/2024 - 12:25:02: World triggered "Round_End"
L 09/07/2024 - 12:25:07: "Bob<121><BOT><TERRORIST>" triggered "Spawned_With_The_Bomb"
L 09/07/2024 - 12:25:08: Log file closed
