L 09/07/2024 - 12:18:11: Log file started (file "logs\L0907003.log") (game "cstrike") (version "48/1.1.2.6/2.0.0.0/4554")
L 09/07/2024 - 12:18:11: "Martin<96><BOT><>" joined team "CT"
L 09/07/2024 - 12:18:11: "Graham<86><BOT><TERRORIST>" triggered "Spawned_With_The_Bomb"
L 09/07/2024 - 12:18:11: "Martin<96><BOT><>" entered the game
L 09/07/2024 - 12:18:11: "Irving<97><BOT><>" joined team "CT"
L 09/07/2024 - 12:18:11: "Irving<97><BOT><>" entered the game
L 09/07/2024 - 12:18:12: "Pat<98><BOT><>" joined team "TERRORIST"
L 09/07/2024 - 12:18:12: "Pat<98><BOT><>" entered the game
L 09/07/2024 - 12:18:12: "Ethan<99><BOT><>" joined team "CT"
L 09/07/2024 - 12:18:12: "Ethan<99><BOT><>" entered the game
L 09/07/2024 - 12:18:12: "Frank<100><BOT><>" joined team "TERRORIST"
L 09/07/2024 - 12:18:12: "Frank<100><BOT><>" entered the game
L 09/07/2024 - 12:18:13: "Walt<101><BOT><>" joined team "CT"
L 09/07/2024 - 12:18:13: "Walt<101><BOT><>" entered the game
L 09/07/2024 - 12:18:13: "Ferris<102><BOT><>" joined team "TERRORIST"
L 09/07/2024 - 12:18:13: "Ferris<102><BOT><>" entered the game
L 09/07/2024 - 12:18:13: "Yuri<103><BOT><>" joined team "TERRORIST"
L 09/07/2024 - 12:18:13: "Yuri<103><BOT><>" entered the game
L 09/07/2024 - 12:18:13: "Jason<104><BOT><>" joined team "CT"
L 09/07/2024 - 12:18:13: "Jason<104><BOT><>" entered the game
L 09/07/2024 - 12:18:14: "Uri<105><BOT><>" joined team "CT"
L 09/07/2024 - 12:18:14: "Uri<105><BOT><>" entered the game
L 09/07/2024 - 12:18:14: "Elliot<106><BOT><>" joined team "TERRORIST"
L 09/07/2024 - 12:18:14: "Elliot<106><BOT><>" entered the game
L 09/07/2024 - 12:18:14: "Fergus<107><BOT><>" joined team "TERRORIST"
L 09/07/2024 - 12:18:14: "Fergus<107><BOT><>" entered the game
L 09/07/2024 - 12:18:15: "Yogi<108><BOT><>" joined team "CT"
L 09/07/2024 - 12:18:15: "Yogi<108><BOT><>" entered the game
L 09/07/2024 - 12:18:15: "Ulysses<109><BOT><>" joined team "CT"
L 09/07/2024 - 12:18:15: "Ulysses<109><BOT><>" entered the game
L 09/07/2024 - 12:18:15: World triggered "Round_Start"
L 09/07/2024 - 12:18:15: "Brandon<110><BOT><>" joined team "TERRORIST"
L 09/07/2024 - 12:18:15: "Brandon<110><BOT><>" entered the game
L 09/07/2024 - 12:18:16: "Norm<111><BOT><>" joined team "CT"
L 09/07/2024 - 12:18:16: "Norm<111><BOT><>" entered the game
L 09/07/2024 - 12:18:16: "Alfred<112><BOT><>" joined team "TERRORIST"
L 09/07/2024 - 12:18:16: "Alfred<112><BOT><>" entered the game
L 09/07/2024 - 12:18:26: @batata doce have killed Tim from a distance of 27 meters
L 09/07/2024 - 12:18:26: @batata doce killed Tim with a headshot.
L 09/07/2024 - 12:18:26: "@batata doce<85><STEAM_0:0:57204110><CT>" killed "Tim<95><BOT><TERRORIST>" with "m4a1"
L 09/07/2024 - 12:18:29: Frank have killed Irving from a distance of 16 meters
L 09/07/2024 - 12:18:29: "Frank<100><BOT><TERRORIST>" killed "Irving<97><BOT><CT>" with "mac10"
L 09/07/2024 - 12:18:29: Jason have killed Graham from a distance of 23 meters
L 09/07/2024 - 12:18:29: "Jason<104><BOT><CT>" killed "Graham<86><BOT><TERRORIST>" with "scout"
L 09/07/2024 - 12:18:29: "Graham<86><BOT><TERRORIST>" triggered "Dropped_The_Bomb"
L 09/07/2024 - 12:18:30: @batata doce have killed Harvey from a distance of 27 meters
L 09/07/2024 - 12:18:30: @batata doce killed Harvey with a headshot.
L 09/07/2024 - 12:18:30: "@batata doce<85><STEAM_0:0:57204110><CT>" killed "Harvey<93><BOT><TERRORIST>" with "m4a1"
L 09/07/2024 - 12:18:33: "Frank<100><BOT><TERRORIST>" triggered "Got_The_Bomb"
L 09/07/2024 - 12:18:33: Fergus have killed Uri from a distance of 28 meters
L 09/07/2024 - 12:18:33: "Fergus<107><BOT><TERRORIST>" killed "Uri<105><BOT><CT>" with "galil"
L 09/07/2024 - 12:18:42: Ulysses have killed Ferris from a distance of 23 meters
L 09/07/2024 - 12:18:42: Ulysses killed Ferris with a headshot.
L 09/07/2024 - 12:18:42: "Ulysses<109><BOT><CT>" killed "Ferris<102><BOT><TERRORIST>" with "mp5navy"
L 09/07/2024 - 12:18:44: @batata doce have killed Frank from a distance of 28 meters
L 09/07/2024 - 12:18:44: "@batata doce<85><STEAM_0:0:57204110><CT>" killed "Frank<100><BOT><TERRORIST>" with "m4a1"
L 09/07/2024 - 12:18:44: "Frank<100><BOT><TERRORIST>" triggered "Dropped_The_Bomb"
L 09/07/2024 - 12:18:47: Fergus have killed Yogi from a distance of 24 meters
L 09/07/2024 - 12:18:47: "Fergus<107><BOT><TERRORIST>" killed "Yogi<108><BOT><CT>" with "galil"
L 09/07/2024 - 12:18:50: @batata doce have killed Yuri from a distance of 26 meters
L 09/07/2024 - 12:18:50: @batata doce killed Yuri with a headshot.
L 09/07/2024 - 12:18:50: "@batata doce<85><STEAM_0:0:57204110><CT>" killed "Yuri<103><BOT><TERRORIST>" with "m4a1"
L 09/07/2024 - 12:18:53: "Elliot<106><BOT><TERRORIST>" triggered "Got_The_Bomb"
L 09/07/2024 - 12:18:53: Wyatt have killed @batata doce from a distance of 23 meters
L 09/07/2024 - 12:18:53: "Wyatt<90><BOT><TERRORIST>" killed "@batata doce<85><STEAM_0:0:57204110><CT>" with "p90"
L 09/07/2024 - 12:18:58: Log file closed
