L 09/07/2024 - 12:14:16: Log file started (file "logs\L0907001.log") (game "cstrike") (version "48/1.1.2.6/2.0.0.0/4554")
L 09/07/2024 - 12:14:17: "Waldo<36><BOT><>" joined team "TERRORIST"
L 09/07/2024 - 12:14:17: "Waldo<36><BOT><>" entered the game
L 09/07/2024 - 12:14:17: "Pat<37><BOT><>" joined team "CT"
L 09/07/2024 - 12:14:17: "Pat<37><BOT><>" entered the game
L 09/07/2024 - 12:14:17: "Tim<38><BOT><>" joined team "TERRORIST"
L 09/07/2024 - 12:14:17: "Tim<38><BOT><>" entered the game
L 09/07/2024 - 12:14:17: "Irwin<39><BOT><>" joined team "TERRORIST"
L 09/07/2024 - 12:14:18: "Irwin<39><BOT><>" entered the game
L 09/07/2024 - 12:14:18: "Bill<40><BOT><>" joined team "CT"
L 09/07/2024 - 12:14:18: "Cecil<30><BOT><TERRORIST>" triggered "Spawned_With_The_Bomb"
L 09/07/2024 - 12:14:18: "Bill<40><BOT><>" entered the game
L 09/07/2024 - 12:14:18: "Yogi<41><BOT><>" joined team "CT"
L 09/07/2024 - 12:14:18: "Yogi<41><BOT><>" entered the game
L 09/07/2024 - 12:14:18: "Irving<42><BOT><>" joined team "TERRORIST"
L 09/07/2024 - 12:14:18: "Irving<42><BOT><>" entered the game
L 09/07/2024 - 12:14:19: "Nick<43><BOT><>" joined team "CT"
L 09/07/2024 - 12:14:19: "Nick<43><BOT><>" entered the game
L 09/07/2024 - 12:14:19: "Jason<44><BOT><>" joined team "TERRORIST"
L 09/07/2024 - 12:14:19: "Jason<44><BOT><>" entered the game
L 09/07/2024 - 12:14:19: "Elliot<45><BOT><>" joined team "CT"
L 09/07/2024 - 12:14:19: "Elliot<45><BOT><>" entered the game
L 09/07/2024 - 12:14:20: "Elmer<46><BOT><>" joined team "TERRORIST"
L 09/07/2024 - 12:14:20: "Elmer<46><BOT><>" entered the game
L 09/07/2024 - 12:14:20: "Opie<47><BOT><>" joined team "CT"
L 09/07/2024 - 12:14:20: "Opie<47><BOT><>" entered the game
L 09/07/2024 - 12:14:20: "Fred<48><BOT><>" joined team "TERRORIST"
L 09/07/2024 - 12:14:20: "Fred<48><BOT><>" entered the game
L 09/07/2024 - 12:14:20: "Ulysses<49><BOT><>" joined team "TERRORIST"
L 09/07/2024 - 12:14:21: "Ulysses<49><BOT><>" entered the game
L 09/07/2024 - 12:14:21: "Wesley<50><BOT><>" joined team "CT"
L 09/07/2024 - 12:14:21: "Wesley<50><BOT><>" entered the game
L 09/07/2024 - 12:14:21: "Norm<51><BOT><>" joined team "TERRORIST"
L 09/07/2024 - 12:14:21: "Norm<51><BOT><>" entered the game
L 09/07/2024 - 12:14:21: "Will<52><BOT><>" joined team "CT"
L 09/07/2024 - 12:14:21: "Will<52><BOT><>" entered the game
L 09/07/2024 - 12:14:22: "Josh<53><BOT><>" joined team "TERRORIST"
L 09/07/2024 - 12:14:22: "Josh<53><BOT><>" entered the game
L 09/07/2024 - 12:14:22: World triggered "Round_Start"
L 09/07/2024 - 12:14:22: "Neil<54><BOT><>" joined team "CT"
L 09/07/2024 - 12:14:22: "Neil<54><BOT><>" entered the game
L 09/07/2024 - 12:14:22: "Ron<55><BOT><>" joined team "TERRORIST"
L 09/07/2024 - 12:14:22: "Ron<55><BOT><>" entered the game
L 09/07/2024 - 12:14:23: "Eugene<56><BOT><>" joined team "CT"
L 09/07/2024 - 12:14:23: "Eugene<56><BOT><>" entered the game
L 09/07/2024 - 12:14:34: @batata doce have killed Irving from a distance of 23 meters
L 09/07/2024 - 12:14:34: "@batata doce<29><STEAM_0:0:57204110><CT>" killed "Irving<42><BOT><TERRORIST>" with "m4a1"
L 09/07/2024 - 12:14:40: Brandon have killed Opie from a distance of 24 meters
L 09/07/2024 - 12:14:40: Brandon killed Opie with a headshot.
L 09/07/2024 - 12:14:40: "Brandon<32><BOT><TERRORIST>" killed "Opie<47><BOT><CT>" with "galil"
L 09/07/2024 - 12:14:42: Ron have killed Clarence from a distance of 16 meters
L 09/07/2024 - 12:14:42: "Ron<55><BOT><TERRORIST>" killed "Clarence<31><BOT><CT>" with "mac10"
L 09/07/2024 - 12:14:44: Ron have killed Orin from a distance of 20 meters
L 09/07/2024 - 12:14:44: "Ron<55><BOT><TERRORIST>" killed "Orin<35><BOT><CT>" with "mac10"
L 09/07/2024 - 12:14:45: @batata doce have killed Irwin from a distance of 8 meters
L 09/07/2024 - 12:14:45: "@batata doce<29><STEAM_0:0:57204110><CT>" killed "Irwin<39><BOT><TERRORIST>" with "m4a1"
L 09/07/2024 - 12:14:47: Ulysses have killed Elliot from a distance of 9 meters
L 09/07/2024 - 12:14:47: "Ulysses<49><BOT><TERRORIST>" killed "Elliot<45><BOT><CT>" with "galil"
L 09/07/2024 - 12:14:50: Elmer have killed Neil from a distance of 3 meters
L 09/07/2024 - 12:14:50: "Elmer<46><BOT><TERRORIST>" killed "Neil<54><BOT><CT>" with "mac10"
L 09/07/2024 - 12:14:51: @batata doce have killed Ulysses from a distance of 15 meters
L 09/07/2024 - 12:14:51: "@batata doce<29><STEAM_0:0:57204110><CT>" killed "Ulysses<49><BOT><TERRORIST>" with "m4a1"
L 09/07/2024 - 12:14:53: Brandon have killed Eugene from a distance of 17 meters
L 09/07/2024 - 12:14:53: "Brandon<32><BOT><TERRORIST>" killed "Eugene<56><BOT><CT>" with "galil"
L 09/07/2024 - 12:14:53: @batata doce have killed Elmer from a distance of 9 meters
L 09/07/2024 - 12:14:53: "@batata doce<29><STEAM_0:0:57204110><CT>" killed "Elmer<46><BOT><TERRORIST>" with "m4a1"
L 09/07/2024 - 12:14:53: @batata doce have killed Josh from a distance of 11 meters
L 09/07/2024 - 12:14:53: @batata doce killed Josh with a headshot.
L 09/07/2024 - 12:14:53: "@batata doce<29><STEAM_0:0:57204110><CT>" killed "Josh<53><BOT><TERRORIST>" with "m4a1"
L 09/07/2024 - 12:15:12: Pat have killed Brandon from a distance of 13 meters
L 09/07/2024 - 12:15:12: "Pat<37><BOT><CT>" killed "Brandon<32><BOT><TERRORIST>" with "ump45"
L 09/07/2024 - 12:15:13: Cecil have killed Yogi from a distance of 17 meters
L 09/07/2024 - 12:15:13: "Cecil<30><BOT><TERRORIST>" killed "Yogi<41><BOT><CT>" with "mac10"
L 09/07/2024 - 12:15:15: Walt have killed Cecil from a distance of 23 meters
L 09/07/2024 - 12:15:15: "Walt<34><BOT><CT>" killed "Cecil<30><BOT><TERRORIST>" with "m4a1"
L 09/07/2024 - 12:15:15: "Cecil<30><BOT><TERRORIST>" triggered "Dropped_The_Bomb"
L 09/07/2024 - 12:15:16: "Tim<38><BOT><TERRORIST>" triggered "Got_The_Bomb"
L 09/07/2024 - 12:15:17: Norm have killed Wesley from a distance of 14 meters
L 09/07/2024 - 12:15:17: "Norm<51><BOT><TERRORIST>" killed "Wesley<50><BOT><CT>" with "p90"
L 09/07/2024 - 12:15:18: Walt have killed Tim from a distance of 18 meters
L 09/07/2024 - 12:15:18: "Walt<34><BOT><CT>" killed "Tim<38><BOT><TERRORIST>" with "m4a1"
L 09/07/2024 - 12:15:18: "Tim<38><BOT><TERRORIST>" triggered "Dropped_The_Bomb"
L 09/07/2024 - 12:15:19: Jason have killed @batata doce from a distance of 5 meters
L 09/07/2024 - 12:15:19: "Jason<44><BOT><TERRORIST>" killed "@batata doce<29><STEAM_0:0:57204110><CT>" with "mac10"
L 09/07/2024 - 12:15:30: Will have killed Uri from a distance of 33 meters
L 09/07/2024 - 12:15:30: "Will<52><BOT><CT>" killed "Uri<33><BOT><TERRORIST>" with "tmp"
L 09/07/2024 - 12:15:36: "Jason<44><BOT><TERRORIST>" triggered "Got_The_Bomb"
L 09/07/2024 - 12:15:37: Log file closed
